<?xml version="1.0" encoding="UTF-8"?>
<testng-results skipped="0" failed="0" total="21" passed="21">
  <reporter-output>
    <line>
      <![CDATA[Request Parameters : {shopURL=[shop-A], baseSkus=[product-baseSku-C, product-baseSku-B, product-baseSku-A], marketplaceIdentifier=[es]}]]>
    </line>
    <line>
      <![CDATA[Actual Response : GetInventoryResponse [errors=[Errors [errorCode=901,shortMessage=baseSku product-baseSku-C does not exist,longMessage=baseSku product-baseSku-C does not exist in the shopURL shop  A of marketplace es]],products=[Products [baseSku=product-baseSku-A,variants=[Variants [sku=product-baseSku-A,variantListedShops=[VariantListedShops [marketPlaceIdentifier=es,shopUrl=shop-A,inventory=Inventory [quantity=100,returnProductsToInventoryOnCancelOrder=true]]]]]], Products [baseSku=product-baseSku-B,variants=[Variants [sku=product-sku-B-1,variantListedShops=[VariantListedShops [marketPlaceIdentifier=es,shopUrl=shop-A,inventory=Inventory [quantity=100,returnProductsToInventoryOnCancelOrder=true]]]], Variants [sku=product-sku-B-2,variantListedShops=[VariantListedShops [marketPlaceIdentifier=es,shopUrl=shop-A,inventory=Inventory [quantity=100,returnProductsToInventoryOnCancelOrder=true]]]]]]],totalCount=2]]]>
    </line>
    <line>
      <![CDATA[Expected Response : GetInventoryResponse [errors=[Errors [errorCode=901,shortMessage=baseSku product-baseSku-C does not exist,longMessage=baseSku product-baseSku-C does not exist in the shopURL shop  A of marketplace es]],products=[Products [baseSku=product-baseSku-A,variants=[Variants [sku=product-baseSku-A,variantListedShops=[VariantListedShops [marketPlaceIdentifier=es,shopUrl=shop-A,inventory=Inventory [quantity=100,returnProductsToInventoryOnCancelOrder=true]]]]]], Products [baseSku=product-baseSku-B,variants=[Variants [sku=product-sku-B-1,variantListedShops=[VariantListedShops [marketPlaceIdentifier=es,shopUrl=shop-A,inventory=Inventory [quantity=100,returnProductsToInventoryOnCancelOrder=true]]]], Variants [sku=product-sku-B-2,variantListedShops=[VariantListedShops [marketPlaceIdentifier=es,shopUrl=shop-A,inventory=Inventory [quantity=100,returnProductsToInventoryOnCancelOrder=true]]]]]]],totalCount=2]]]>
    </line>
    <line>
      <![CDATA[Request Parameters : {shopURL=[shop-A], baseSkus=[product-baseSku-Y, product-baseSku-X], marketplaceIdentifier=[es]}]]>
    </line>
    <line>
      <![CDATA[Actual Response : GetInventoryResponse [errors=[Errors [errorCode=901,shortMessage=baseSku product-baseSku-X and product-baseSku-Y does not exist,longMessage=baseSku product-baseSku-X and product-baseSku-Y does not exist in the shopURL shop  A of marketplace es]],products=null,totalCount=0]]]>
    </line>
    <line>
      <![CDATA[Expected Response : GetInventoryResponse [errors=[Errors [errorCode=901,shortMessage=baseSku product-baseSku-X and product-baseSku-Y does not exist,longMessage=baseSku product-baseSku-X and product-baseSku-Y does not exist in the shopURL shop  A of marketplace es]],products=null,totalCount=0]]]>
    </line>
    <line>
      <![CDATA[Request Parameters : {shopURL=[shop-A], skus=[product-sku-Y, product-sku-X], marketplaceIdentifier=[es]}]]>
    </line>
    <line>
      <![CDATA[Actual Response : GetInventoryResponse [errors=[Errors [errorCode=901,shortMessage=baseSku product-sku-X and product-sku-Y does not exist,longMessage=baseSku product-sku-X and product-sku-Y does not exist in the shopURL shop  A of marketplace es]],products=null,totalCount=0]]]>
    </line>
    <line>
      <![CDATA[Expected Response : GetInventoryResponse [errors=[Errors [errorCode=901,shortMessage=baseSku product-sku-X and product-sku-Y does not exist,longMessage=baseSku product-sku-X and product-sku-Y does not exist in the shopURL shop  A of marketplace es]],products=null,totalCount=0]]]>
    </line>
    <line>
      <![CDATA[Request Parameters : {shopURL=[shop-A], skus=[product-Sku-A, product-Sku-B, product-Sku-C], marketplaceIdentifier=[es]}]]>
    </line>
    <line>
      <![CDATA[Actual Response : GetInventoryResponse [errors=[Errors [errorCode=901,shortMessage=baseSku product-baseSku-C does not exist,longMessage=baseSku product-baseSku-C does not exist in the shopURL shop  A of marketplace es]],products=[Products [baseSku=product-baseSku-A,variants=[Variants [sku=sku-A,variantListedShops=[VariantListedShops [marketPlaceIdentifier=es,shopUrl=shop-A,inventory=Inventory [quantity=100,returnProductsToInventoryOnCancelOrder=true]]]]]], Products [baseSku=product-baseSku-C,variants=[Variants [sku=sku-A,variantListedShops=[VariantListedShops [marketPlaceIdentifier=es,shopUrl=shop-A,inventory=Inventory [quantity=100,returnProductsToInventoryOnCancelOrder=true]]]], Variants [sku=sku-B,variantListedShops=[VariantListedShops [marketPlaceIdentifier=es,shopUrl=shop-A,inventory=Inventory [quantity=100,returnProductsToInventoryOnCancelOrder=true]]]]]]],totalCount=2]]]>
    </line>
    <line>
      <![CDATA[Expected Response : GetInventoryResponse [errors=[Errors [errorCode=901,shortMessage=baseSku product-baseSku-C does not exist,longMessage=baseSku product-baseSku-C does not exist in the shopURL shop  A of marketplace es]],products=[Products [baseSku=product-baseSku-A,variants=[Variants [sku=sku-A,variantListedShops=[VariantListedShops [marketPlaceIdentifier=es,shopUrl=shop-A,inventory=Inventory [quantity=100,returnProductsToInventoryOnCancelOrder=true]]]]]], Products [baseSku=product-baseSku-C,variants=[Variants [sku=sku-A,variantListedShops=[VariantListedShops [marketPlaceIdentifier=es,shopUrl=shop-A,inventory=Inventory [quantity=100,returnProductsToInventoryOnCancelOrder=true]]]], Variants [sku=sku-B,variantListedShops=[VariantListedShops [marketPlaceIdentifier=es,shopUrl=shop-A,inventory=Inventory [quantity=100,returnProductsToInventoryOnCancelOrder=true]]]]]]],totalCount=2]]]>
    </line>
    <line>
      <![CDATA[Request Parameters : {shopURL=[shop-A], baseSkus=[product-baseSku-C, product-baseSku-A], skus=[product-Sku-A, product-Sku-B, product-Sku-C], marketplaceIdentifier=[es]}]]>
    </line>
    <line>
      <![CDATA[Actual Response : GetInventoryResponse [errors=[Errors [errorCode=801,shortMessage=baseSku and sku are not allowed,longMessage=both baseSku and sku are not allowed in request]],products=null,totalCount=0]]]>
    </line>
    <line>
      <![CDATA[Expected Response : GetInventoryResponse [errors=[Errors [errorCode=801,shortMessage=baseSku and sku are not allowed,longMessage=both baseSku and sku are not allowed in request]],products=null,totalCount=0]]]>
    </line>
    <line>
      <![CDATA[Request : UpdateInventoryRequest [shopInventory=[ShopInventory [marketplaceIdentifier=es,shopUrl=shop-C1,inventory={sku-A=Inventory [quantity=100,returnProductsToInventoryOnCancelOrder=true], sku-B=Inventory [quantity=0,returnProductsToInventoryOnCancelOrder=false]}], ShopInventory [marketplaceIdentifier=es,shopUrl=shop-C2,inventory={sku-C=Inventory [quantity=200,returnProductsToInventoryOnCancelOrder=false]}], ShopInventory [marketplaceIdentifier=es,shopUrl=shop-C3,inventory={sku-C=Inventory [quantity=200,returnProductsToInventoryOnCancelOrder=false]}], ShopInventory [marketplaceIdentifier=es,shopUrl=shop-C4,inventory={sku-C=Inventory [quantity=200,returnProductsToInventoryOnCancelOrder=false]}], ShopInventory [marketplaceIdentifier=es,shopUrl=shop-C5,inventory={sku-C=Inventory [quantity=200,returnProductsToInventoryOnCancelOrder=false]}], ShopInventory [marketplaceIdentifier=es,shopUrl=shop-C6,inventory={sku-C=Inventory [quantity=200,returnProductsToInventoryOnCancelOrder=false]}], ShopInventory [marketplaceIdentifier=es,shopUrl=shop-C7,inventory={sku-C=Inventory [quantity=200,returnProductsToInventoryOnCancelOrder=false]}], ShopInventory [marketplaceIdentifier=es,shopUrl=shop-C8,inventory={sku-C=Inventory [quantity=200,returnProductsToInventoryOnCancelOrder=false]}], ShopInventory [marketplaceIdentifier=es,shopUrl=shop-C9,inventory={sku-C=Inventory [quantity=200,returnProductsToInventoryOnCancelOrder=false]}], ShopInventory [marketplaceIdentifier=es,shopUrl=shop-C10,inventory={sku-C=Inventory [quantity=200,returnProductsToInventoryOnCancelOrder=false]}], ShopInventory [marketplaceIdentifier=es,shopUrl=shop-C11,inventory={sku-C=Inventory [quantity=200,returnProductsToInventoryOnCancelOrder=false]}], ShopInventory [marketplaceIdentifier=es,shopUrl=shop-C12,inventory={sku-C=Inventory [quantity=200,returnProductsToInventoryOnCancelOrder=false]}], ShopInventory [marketplaceIdentifier=es,shopUrl=shop-C13,inventory={sku-C=Inventory [quantity=200,returnProductsToInventoryOnCancelOrder=false]}], ShopInventory [marketplaceIdentifier=es,shopUrl=shop-C14,inventory={sku-C=Inventory [quantity=200,returnProductsToInventoryOnCancelOrder=false]}], ShopInventory [marketplaceIdentifier=es,shopUrl=shop-15,inventory={sku-C=Inventory [quantity=200,returnProductsToInventoryOnCancelOrder=false]}], ShopInventory [marketplaceIdentifier=es,shopUrl=shop-16,inventory={sku-C=Inventory [quantity=200,returnProductsToInventoryOnCancelOrder=false]}], ShopInventory [marketplaceIdentifier=es,shopUrl=shop-C17,inventory={sku-C=Inventory [quantity=200,returnProductsToInventoryOnCancelOrder=false]}], ShopInventory [marketplaceIdentifier=es,shopUrl=shop-C18,inventory={sku-C=Inventory [quantity=200,returnProductsToInventoryOnCancelOrder=false]}], ShopInventory [marketplaceIdentifier=es,shopUrl=shop-C19,inventory={sku-C=Inventory [quantity=200,returnProductsToInventoryOnCancelOrder=false]}], ShopInventory [marketplaceIdentifier=es,shopUrl=shop-C20,inventory={sku-C=Inventory [quantity=200,returnProductsToInventoryOnCancelOrder=false]}], ShopInventory [marketplaceIdentifier=es,shopUrl=shop-C21,inventory={sku-C=Inventory [quantity=200,returnProductsToInventoryOnCancelOrder=false]}], ShopInventory [marketplaceIdentifier=es,shopUrl=shop-C22,inventory={sku-C=Inventory [quantity=200,returnProductsToInventoryOnCancelOrder=false]}], ShopInventory [marketplaceIdentifier=es,shopUrl=shop-23,inventory={sku-C=Inventory [quantity=200,returnProductsToInventoryOnCancelOrder=false]}], ShopInventory [marketplaceIdentifier=es,shopUrl=shop-24,inventory={sku-C=Inventory [quantity=200,returnProductsToInventoryOnCancelOrder=false]}], ShopInventory [marketplaceIdentifier=es,shopUrl=shop-C25,inventory={sku-C=Inventory [quantity=200,returnProductsToInventoryOnCancelOrder=false]}], ShopInventory [marketplaceIdentifier=es,shopUrl=shop-C26,inventory={sku-C=Inventory [quantity=200,returnProductsToInventoryOnCancelOrder=false]}], ShopInventory [marketplaceIdentifier=es,shopUrl=shop-C27,inventory={sku-C=Inventory [quantity=200,returnProductsToInventoryOnCancelOrder=false]}], ShopInventory [marketplaceIdentifier=es,shopUrl=shop-C12,inventory={sku-C=Inventory [quantity=200,returnProductsToInventoryOnCancelOrder=false]}], ShopInventory [marketplaceIdentifier=es,shopUrl=shop-C28,inventory={sku-C=Inventory [quantity=200,returnProductsToInventoryOnCancelOrder=false]}], ShopInventory [marketplaceIdentifier=es,shopUrl=shop-C29,inventory={sku-C=Inventory [quantity=200,returnProductsToInventoryOnCancelOrder=false]}], ShopInventory [marketplaceIdentifier=es,shopUrl=shop-C30,inventory={sku-C=Inventory [quantity=200,returnProductsToInventoryOnCancelOrder=false]}]]]]]>
    </line>
    <line>
      <![CDATA[Request : UpdateInventoryRequest [shopInventory=[ShopInventory [marketplaceIdentifier=e,shopUrl=shop-acd,inventory={sku-A=Inventory [quantity=-1,returnProductsToInventoryOnCancelOrder=true], sku-CXB=Inventory [quantity=110,returnProductsToInventoryOnCancelOrder=false]}]]]]]>
    </line>
    <line>
      <![CDATA[Request : UpdateInventoryRequest [shopInventory=[ShopInventory [marketplaceIdentifier=ebwrtd3scsesd,shopUrl=shop-acd,inventory={sku-A=Inventory [quantity=-1,returnProductsToInventoryOnCancelOrder=true], sku-CXB=Inventory [quantity=110,returnProductsToInventoryOnCancelOrder=false]}]]]]]>
    </line>
    <line>
      <![CDATA[Request : UpdateInventoryRequest [shopInventory=[ShopInventory [marketplaceIdentifier=ebwrtd3-csesd,shopUrl=shop-acd,inventory={sku-A=Inventory [quantity=-1,returnProductsToInventoryOnCancelOrder=true], sku-CXB=Inventory [quantity=110,returnProductsToInventoryOnCancelOrder=false]}]]]]]>
    </line>
    <line>
      <![CDATA[Request : UpdateInventoryRequest [shopInventory=[ShopInventory [marketplaceIdentifier=ebwrtd3-csesd,shopUrl=null,inventory={sku-A=Inventory [quantity=-1,returnProductsToInventoryOnCancelOrder=true], sku-CXB=Inventory [quantity=110,returnProductsToInventoryOnCancelOrder=false]}]]]]]>
    </line>
    <line>
      <![CDATA[Request : UpdateInventoryRequest [shopInventory=[ShopInventory [marketplaceIdentifier=ebwrtd3-csesd,shopUrl=shop-acdertyuiopasdfghjklzxcvbnmpoiuytrewqasdfghjkl,inventory={sku-A=Inventory [quantity=-1,returnProductsToInventoryOnCancelOrder=true], sku-CXB=Inventory [quantity=110,returnProductsToInventoryOnCancelOrder=false]}]]]]]>
    </line>
    <line>
      <![CDATA[Request : null]]>
    </line>
    <line>
      <![CDATA[Request : UpdateInventoryRequest [shopInventory=[ShopInventory [marketplaceIdentifier=null,shopUrl=shop-ACD,inventory={sku-A=Inventory [quantity=-1,returnProductsToInventoryOnCancelOrder=true], sku-CXB=Inventory [quantity=110,returnProductsToInventoryOnCancelOrder=false]}]]]]]>
    </line>
    <line>
      <![CDATA[Request : UpdateInventoryRequest [shopInventory=[ShopInventory [marketplaceIdentifier=ebwrtd3-csesd,shopUrl=shop-ACD,inventory=null]]]]]>
    </line>
    <line>
      <![CDATA[Request : UpdateInventoryRequest [shopInventory=[ShopInventory [marketplaceIdentifier=es,shopUrl=shop-a,inventory={sku-A=Inventory [quantity=-1,returnProductsToInventoryOnCancelOrder=true], sku-b=Inventory [quantity=1000000000,returnProductsToInventoryOnCancelOrder=false]}]]]]]>
    </line>
    <line>
      <![CDATA[Request : UpdateInventoryRequest [shopInventory=[ShopInventory [marketplaceIdentifier=ge,shopUrl=shop-abc,inventory={sku-123=Inventory [quantity=10,returnProductsToInventoryOnCancelOrder=false]}], ShopInventory [marketplaceIdentifier=ge,shopUrl=shop-abc,inventory={sku-123=Inventory [quantity=10,returnProductsToInventoryOnCancelOrder=false]}], ShopInventory [marketplaceIdentifier=ge,shopUrl=shop-abc,inventory={sku-123=Inventory [quantity=10,returnProductsToInventoryOnCancelOrder=false]}], ShopInventory [marketplaceIdentifier=ge,shopUrl=shop-abc,inventory={sku-123=Inventory [quantity=10,returnProductsToInventoryOnCancelOrder=false]}], ShopInventory [marketplaceIdentifier=ge,shopUrl=shop-abc,inventory={sku-123=Inventory [quantity=10,returnProductsToInventoryOnCancelOrder=false]}], ShopInventory [marketplaceIdentifier=ge,shopUrl=shop-abc,inventory={sku-123=Inventory [quantity=10,returnProductsToInventoryOnCancelOrder=false]}], ShopInventory [marketplaceIdentifier=ge,shopUrl=shop-abc,inventory={sku-123=Inventory [quantity=10,returnProductsToInventoryOnCancelOrder=false]}], ShopInventory [marketplaceIdentifier=ge,shopUrl=shop-abc,inventory={sku-123=Inventory [quantity=10,returnProductsToInventoryOnCancelOrder=false]}], ShopInventory [marketplaceIdentifier=ge,shopUrl=shop-abc,inventory={sku-123=Inventory [quantity=10,returnProductsToInventoryOnCancelOrder=false]}], ShopInventory [marketplaceIdentifier=ge,shopUrl=shop-abc,inventory={sku-123=Inventory [quantity=10,returnProductsToInventoryOnCancelOrder=false]}], ShopInventory [marketplaceIdentifier=ge,shopUrl=shop-abc,inventory={sku-123=Inventory [quantity=10,returnProductsToInventoryOnCancelOrder=false]}], ShopInventory [marketplaceIdentifier=ge,shopUrl=shop-abc,inventory={sku-123=Inventory [quantity=10,returnProductsToInventoryOnCancelOrder=false]}], ShopInventory [marketplaceIdentifier=ge,shopUrl=shop-abc,inventory={sku-123=Inventory [quantity=10,returnProductsToInventoryOnCancelOrder=false]}], ShopInventory [marketplaceIdentifier=ge,shopUrl=shop-abc,inventory={sku-123=Inventory [quantity=10,returnProductsToInventoryOnCancelOrder=false]}], ShopInventory [marketplaceIdentifier=ge,shopUrl=shop-abc,inventory={sku-123=Inventory [quantity=10,returnProductsToInventoryOnCancelOrder=false]}], ShopInventory [marketplaceIdentifier=ge,shopUrl=shop-abc,inventory={sku-123=Inventory [quantity=10,returnProductsToInventoryOnCancelOrder=false]}], ShopInventory [marketplaceIdentifier=ge,shopUrl=shop-abc,inventory={sku-123=Inventory [quantity=10,returnProductsToInventoryOnCancelOrder=false]}], ShopInventory [marketplaceIdentifier=ge,shopUrl=shop-abc,inventory={sku-123=Inventory [quantity=10,returnProductsToInventoryOnCancelOrder=false]}], ShopInventory [marketplaceIdentifier=ge,shopUrl=shop-abc,inventory={sku-123=Inventory [quantity=10,returnProductsToInventoryOnCancelOrder=false]}], ShopInventory [marketplaceIdentifier=ge,shopUrl=shop-abc,inventory={sku-123=Inventory [quantity=10,returnProductsToInventoryOnCancelOrder=false]}], ShopInventory [marketplaceIdentifier=ge,shopUrl=shop-abc,inventory={sku-123=Inventory [quantity=10,returnProductsToInventoryOnCancelOrder=false]}], ShopInventory [marketplaceIdentifier=ge,shopUrl=shop-abc,inventory={sku-123=Inventory [quantity=10,returnProductsToInventoryOnCancelOrder=false]}], ShopInventory [marketplaceIdentifier=ge,shopUrl=shop-abc,inventory={sku-123=Inventory [quantity=10,returnProductsToInventoryOnCancelOrder=false]}], ShopInventory [marketplaceIdentifier=ge,shopUrl=shop-abc,inventory={sku-123=Inventory [quantity=10,returnProductsToInventoryOnCancelOrder=false]}], ShopInventory [marketplaceIdentifier=ge,shopUrl=shop-abc,inventory={sku-123=Inventory [quantity=10,returnProductsToInventoryOnCancelOrder=false]}], ShopInventory [marketplaceIdentifier=ge,shopUrl=shop-abc,inventory={sku-123=Inventory [quantity=10,returnProductsToInventoryOnCancelOrder=false]}], ShopInventory [marketplaceIdentifier=ge,shopUrl=shop-abc,inventory={sku-123=Inventory [quantity=10,returnProductsToInventoryOnCancelOrder=false]}], ShopInventory [marketplaceIdentifier=ge,shopUrl=shop-abc,inventory={sku-123=Inventory [quantity=10,returnProductsToInventoryOnCancelOrder=false]}], ShopInventory [marketplaceIdentifier=ge,shopUrl=shop-abc,inventory={sku-123=Inventory [quantity=10,returnProductsToInventoryOnCancelOrder=false]}], ShopInventory [marketplaceIdentifier=ge,shopUrl=shop-abc,inventory={sku-123=Inventory [quantity=10,returnProductsToInventoryOnCancelOrder=false]}], ShopInventory [marketplaceIdentifier=ge,shopUrl=shop-abc,inventory={sku-123=Inventory [quantity=10,returnProductsToInventoryOnCancelOrder=false]}], ShopInventory [marketplaceIdentifier=ge,shopUrl=shop-abc,inventory={sku-123=Inventory [quantity=10,returnProductsToInventoryOnCancelOrder=false]}], ShopInventory [marketplaceIdentifier=ge,shopUrl=shop-abc,inventory={sku-123=Inventory [quantity=10,returnProductsToInventoryOnCancelOrder=false]}], ShopInventory [marketplaceIdentifier=ge,shopUrl=shop-abc,inventory={sku-123=Inventory [quantity=10,returnProductsToInventoryOnCancelOrder=false]}], ShopInventory [marketplaceIdentifier=ge,shopUrl=shop-abc,inventory={sku-123=Inventory [quantity=10,returnProductsToInventoryOnCancelOrder=false]}], ShopInventory [marketplaceIdentifier=ge,shopUrl=shop-abc,inventory={sku-123=Inventory [quantity=10,returnProductsToInventoryOnCancelOrder=false]}], ShopInventory [marketplaceIdentifier=ge,shopUrl=shop-abc,inventory={sku-123=Inventory [quantity=10,returnProductsToInventoryOnCancelOrder=false]}], ShopInventory [marketplaceIdentifier=ge,shopUrl=shop-abc,inventory={sku-123=Inventory [quantity=10,returnProductsToInventoryOnCancelOrder=false]}], ShopInventory [marketplaceIdentifier=ge,shopUrl=shop-abc,inventory={sku-123=Inventory [quantity=10,returnProductsToInventoryOnCancelOrder=false]}], ShopInventory [marketplaceIdentifier=ge,shopUrl=shop-abc,inventory={sku-123=Inventory [quantity=10,returnProductsToInventoryOnCancelOrder=false]}], ShopInventory [marketplaceIdentifier=ge,shopUrl=shop-abc,inventory={sku-123=Inventory [quantity=10,returnProductsToInventoryOnCancelOrder=false]}], ShopInventory [marketplaceIdentifier=ge,shopUrl=shop-abc,inventory={sku-123=Inventory [quantity=10,returnProductsToInventoryOnCancelOrder=false]}], ShopInventory [marketplaceIdentifier=ge,shopUrl=shop-abc,inventory={sku-123=Inventory [quantity=10,returnProductsToInventoryOnCancelOrder=false]}], ShopInventory [marketplaceIdentifier=ge,shopUrl=shop-abc,inventory={sku-123=Inventory [quantity=10,returnProductsToInventoryOnCancelOrder=false]}], ShopInventory [marketplaceIdentifier=ge,shopUrl=shop-abc,inventory={sku-123=Inventory [quantity=10,returnProductsToInventoryOnCancelOrder=false]}], ShopInventory [marketplaceIdentifier=ge,shopUrl=shop-abc,inventory={sku-123=Inventory [quantity=10,returnProductsToInventoryOnCancelOrder=false]}], ShopInventory [marketplaceIdentifier=ge,shopUrl=shop-abc,inventory={sku-123=Inventory [quantity=10,returnProductsToInventoryOnCancelOrder=false]}], ShopInventory [marketplaceIdentifier=ge,shopUrl=shop-abc,inventory={sku-123=Inventory [quantity=10,returnProductsToInventoryOnCancelOrder=false]}], ShopInventory [marketplaceIdentifier=ge,shopUrl=shop-abc,inventory={sku-123=Inventory [quantity=10,returnProductsToInventoryOnCancelOrder=false]}], ShopInventory [marketplaceIdentifier=ge,shopUrl=shop-abc,inventory={sku-123=Inventory [quantity=10,returnProductsToInventoryOnCancelOrder=false]}], ShopInventory [marketplaceIdentifier=ge,shopUrl=shop-abc,inventory={sku-123=Inventory [quantity=10,returnProductsToInventoryOnCancelOrder=false]}], ShopInventory [marketplaceIdentifier=ge,shopUrl=shop-abc,inventory={sku-123=Inventory [quantity=10,returnProductsToInventoryOnCancelOrder=false]}], ShopInventory [marketplaceIdentifier=ge,shopUrl=shop-abc,inventory={sku-123=Inventory [quantity=10,returnProductsToInventoryOnCancelOrder=false]}], ShopInventory [marketplaceIdentifier=ge,shopUrl=shop-abc,inventory={sku-123=Inventory [quantity=10,returnProductsToInventoryOnCancelOrder=false]}], ShopInventory [marketplaceIdentifier=ge,shopUrl=shop-abc,inventory={sku-123=Inventory [quantity=10,returnProductsToInventoryOnCancelOrder=false]}], ShopInventory [marketplaceIdentifier=ge,shopUrl=shop-abc,inventory={sku-123=Inventory [quantity=10,returnProductsToInventoryOnCancelOrder=false]}], ShopInventory [marketplaceIdentifier=ge,shopUrl=shop-abc,inventory={sku-123=Inventory [quantity=10,returnProductsToInventoryOnCancelOrder=false]}], ShopInventory [marketplaceIdentifier=ge,shopUrl=shop-abc,inventory={sku-123=Inventory [quantity=10,returnProductsToInventoryOnCancelOrder=false]}], ShopInventory [marketplaceIdentifier=ge,shopUrl=shop-abc,inventory={sku-123=Inventory [quantity=10,returnProductsToInventoryOnCancelOrder=false]}], ShopInventory [marketplaceIdentifier=ge,shopUrl=shop-abc,inventory={sku-123=Inventory [quantity=10,returnProductsToInventoryOnCancelOrder=false]}], ShopInventory [marketplaceIdentifier=ge,shopUrl=shop-abc,inventory={sku-123=Inventory [quantity=10,returnProductsToInventoryOnCancelOrder=false]}], ShopInventory [marketplaceIdentifier=ge,shopUrl=shop-abc,inventory={sku-123=Inventory [quantity=10,returnProductsToInventoryOnCancelOrder=false]}], ShopInventory [marketplaceIdentifier=ge,shopUrl=shop-abc,inventory={sku-123=Inventory [quantity=10,returnProductsToInventoryOnCancelOrder=false]}], ShopInventory [marketplaceIdentifier=ge,shopUrl=shop-abc,inventory={sku-123=Inventory [quantity=10,returnProductsToInventoryOnCancelOrder=false]}], ShopInventory [marketplaceIdentifier=ge,shopUrl=shop-abc,inventory={sku-123=Inventory [quantity=10,returnProductsToInventoryOnCancelOrder=false]}], ShopInventory [marketplaceIdentifier=ge,shopUrl=shop-abc,inventory={sku-123=Inventory [quantity=10,returnProductsToInventoryOnCancelOrder=false]}], ShopInventory [marketplaceIdentifier=ge,shopUrl=shop-abc,inventory={sku-123=Inventory [quantity=10,returnProductsToInventoryOnCancelOrder=false]}], ShopInventory [marketplaceIdentifier=ge,shopUrl=shop-abc,inventory={sku-123=Inventory [quantity=10,returnProductsToInventoryOnCancelOrder=false]}], ShopInventory [marketplaceIdentifier=ge,shopUrl=shop-abc,inventory={sku-123=Inventory [quantity=10,returnProductsToInventoryOnCancelOrder=false]}], ShopInventory [marketplaceIdentifier=ge,shopUrl=shop-abc,inventory={sku-123=Inventory [quantity=10,returnProductsToInventoryOnCancelOrder=false]}], ShopInventory [marketplaceIdentifier=ge,shopUrl=shop-abc,inventory={sku-123=Inventory [quantity=10,returnProductsToInventoryOnCancelOrder=false]}], ShopInventory [marketplaceIdentifier=ge,shopUrl=shop-abc,inventory={sku-123=Inventory [quantity=10,returnProductsToInventoryOnCancelOrder=false]}], ShopInventory [marketplaceIdentifier=ge,shopUrl=shop-abc,inventory={sku-123=Inventory [quantity=10,returnProductsToInventoryOnCancelOrder=false]}], ShopInventory [marketplaceIdentifier=ge,shopUrl=shop-abc,inventory={sku-123=Inventory [quantity=10,returnProductsToInventoryOnCancelOrder=false]}], ShopInventory [marketplaceIdentifier=ge,shopUrl=shop-abc,inventory={sku-123=Inventory [quantity=10,returnProductsToInventoryOnCancelOrder=false]}], ShopInventory [marketplaceIdentifier=ge,shopUrl=shop-abc,inventory={sku-123=Inventory [quantity=10,returnProductsToInventoryOnCancelOrder=false]}], ShopInventory [marketplaceIdentifier=ge,shopUrl=shop-abc,inventory={sku-123=Inventory [quantity=10,returnProductsToInventoryOnCancelOrder=false]}], ShopInventory [marketplaceIdentifier=ge,shopUrl=shop-abc,inventory={sku-123=Inventory [quantity=10,returnProductsToInventoryOnCancelOrder=false]}], ShopInventory [marketplaceIdentifier=ge,shopUrl=shop-abc,inventory={sku-123=Inventory [quantity=10,returnProductsToInventoryOnCancelOrder=false]}], ShopInventory [marketplaceIdentifier=ge,shopUrl=shop-abc,inventory={sku-123=Inventory [quantity=10,returnProductsToInventoryOnCancelOrder=false]}], ShopInventory [marketplaceIdentifier=ge,shopUrl=shop-abc,inventory={sku-123=Inventory [quantity=10,returnProductsToInventoryOnCancelOrder=false]}], ShopInventory [marketplaceIdentifier=ge,shopUrl=shop-abc,inventory={sku-123=Inventory [quantity=10,returnProductsToInventoryOnCancelOrder=false]}], ShopInventory [marketplaceIdentifier=ge,shopUrl=shop-abc,inventory={sku-123=Inventory [quantity=10,returnProductsToInventoryOnCancelOrder=false]}], ShopInventory [marketplaceIdentifier=ge,shopUrl=shop-abc,inventory={sku-123=Inventory [quantity=10,returnProductsToInventoryOnCancelOrder=false]}], ShopInventory [marketplaceIdentifier=ge,shopUrl=shop-abc,inventory={sku-123=Inventory [quantity=10,returnProductsToInventoryOnCancelOrder=false]}], ShopInventory [marketplaceIdentifier=ge,shopUrl=shop-abc,inventory={sku-123=Inventory [quantity=10,returnProductsToInventoryOnCancelOrder=false]}], ShopInventory [marketplaceIdentifier=ge,shopUrl=shop-abc,inventory={sku-123=Inventory [quantity=10,returnProductsToInventoryOnCancelOrder=false]}], ShopInventory [marketplaceIdentifier=ge,shopUrl=shop-abc,inventory={sku-123=Inventory [quantity=10,returnProductsToInventoryOnCancelOrder=false]}], ShopInventory [marketplaceIdentifier=ge,shopUrl=shop-abc,inventory={sku-123=Inventory [quantity=10,returnProductsToInventoryOnCancelOrder=false]}], ShopInventory [marketplaceIdentifier=ge,shopUrl=shop-abc,inventory={sku-123=Inventory [quantity=10,returnProductsToInventoryOnCancelOrder=false]}], ShopInventory [marketplaceIdentifier=ge,shopUrl=shop-abc,inventory={sku-123=Inventory [quantity=10,returnProductsToInventoryOnCancelOrder=false]}], ShopInventory [marketplaceIdentifier=ge,shopUrl=shop-abc,inventory={sku-123=Inventory [quantity=10,returnProductsToInventoryOnCancelOrder=false]}], ShopInventory [marketplaceIdentifier=ge,shopUrl=shop-abc,inventory={sku-123=Inventory [quantity=10,returnProductsToInventoryOnCancelOrder=false]}], ShopInventory [marketplaceIdentifier=ge,shopUrl=shop-abc,inventory={sku-123=Inventory [quantity=10,returnProductsToInventoryOnCancelOrder=false]}], ShopInventory [marketplaceIdentifier=ge,shopUrl=shop-abc,inventory={sku-123=Inventory [quantity=10,returnProductsToInventoryOnCancelOrder=false]}], ShopInventory [marketplaceIdentifier=ge,shopUrl=shop-abc,inventory={sku-123=Inventory [quantity=10,returnProductsToInventoryOnCancelOrder=false]}], ShopInventory [marketplaceIdentifier=ge,shopUrl=shop-abc,inventory={sku-123=Inventory [quantity=10,returnProductsToInventoryOnCancelOrder=false]}], ShopInventory [marketplaceIdentifier=ge,shopUrl=shop-abc,inventory={sku-123=Inventory [quantity=10,returnProductsToInventoryOnCancelOrder=false]}], ShopInventory [marketplaceIdentifier=ge,shopUrl=shop-abc,inventory={sku-123=Inventory [quantity=10,returnProductsToInventoryOnCancelOrder=false]}], ShopInventory [marketplaceIdentifier=ge,shopUrl=shop-abc,inventory={sku-123=Inventory [quantity=10,returnProductsToInventoryOnCancelOrder=false]}], ShopInventory [marketplaceIdentifier=ge,shopUrl=shop-abc,inventory={sku-123=Inventory [quantity=10,returnProductsToInventoryOnCancelOrder=false]}], ShopInventory [marketplaceIdentifier=ge,shopUrl=shop-abc,inventory={sku-123=Inventory [quantity=10,returnProductsToInventoryOnCancelOrder=false]}], ShopInventory [marketplaceIdentifier=ge,shopUrl=shop-abc,inventory={sku-123=Inventory [quantity=10,returnProductsToInventoryOnCancelOrder=false]}], ShopInventory [marketplaceIdentifier=ge,shopUrl=shop-abc,inventory={sku-123=Inventory [quantity=10,returnProductsToInventoryOnCancelOrder=false]}], ShopInventory [marketplaceIdentifier=ge,shopUrl=shop-abc,inventory={sku-123=Inventory [quantity=10,returnProductsToInventoryOnCancelOrder=false]}], ShopInventory [marketplaceIdentifier=ge,shopUrl=shop-abc,inventory={sku-123=Inventory [quantity=10,returnProductsToInventoryOnCancelOrder=false]}], ShopInventory [marketplaceIdentifier=ge,shopUrl=shop-abc,inventory={sku-123=Inventory [quantity=10,returnProductsToInventoryOnCancelOrder=false]}], ShopInventory [marketplaceIdentifier=ge,shopUrl=shop-abc,inventory={sku-123=Inventory [quantity=10,returnProductsToInventoryOnCancelOrder=false]}], ShopInventory [marketplaceIdentifier=ge,shopUrl=shop-abc,inventory={sku-123=Inventory [quantity=10,returnProductsToInventoryOnCancelOrder=false]}], ShopInventory [marketplaceIdentifier=ge,shopUrl=shop-abc,inventory={sku-123=Inventory [quantity=10,returnProductsToInventoryOnCancelOrder=false]}], ShopInventory [marketplaceIdentifier=ge,shopUrl=shop-abc,inventory={sku-123=Inventory [quantity=10,returnProductsToInventoryOnCancelOrder=false]}], ShopInventory [marketplaceIdentifier=ge,shopUrl=shop-abc,inventory={sku-123=Inventory [quantity=10,returnProductsToInventoryOnCancelOrder=false]}], ShopInventory [marketplaceIdentifier=ge,shopUrl=shop-abc,inventory={sku-123=Inventory [quantity=10,returnProductsToInventoryOnCancelOrder=false]}], ShopInventory [marketplaceIdentifier=ge,shopUrl=shop-abc,inventory={sku-123=Inventory [quantity=10,returnProductsToInventoryOnCancelOrder=false]}], ShopInventory [marketplaceIdentifier=ge,shopUrl=shop-abc,inventory={sku-123=Inventory [quantity=10,returnProductsToInventoryOnCancelOrder=false]}], ShopInventory [marketplaceIdentifier=ge,shopUrl=shop-abc,inventory={sku-123=Inventory [quantity=10,returnProductsToInventoryOnCancelOrder=false]}], ShopInventory [marketplaceIdentifier=ge,shopUrl=shop-abc,inventory={sku-123=Inventory [quantity=10,returnProductsToInventoryOnCancelOrder=false]}], ShopInventory [marketplaceIdentifier=ge,shopUrl=shop-abc,inventory={sku-123=Inventory [quantity=10,returnProductsToInventoryOnCancelOrder=false]}], ShopInventory [marketplaceIdentifier=ge,shopUrl=shop-abc,inventory={sku-123=Inventory [quantity=10,returnProductsToInventoryOnCancelOrder=false]}], ShopInventory [marketplaceIdentifier=ge,shopUrl=shop-abc,inventory={sku-123=Inventory [quantity=10,returnProductsToInventoryOnCancelOrder=false]}], ShopInventory [marketplaceIdentifier=ge,shopUrl=shop-abc,inventory={sku-123=Inventory [quantity=10,returnProductsToInventoryOnCancelOrder=false]}], ShopInventory [marketplaceIdentifier=ge,shopUrl=shop-abc,inventory={sku-123=Inventory [quantity=10,returnProductsToInventoryOnCancelOrder=false]}], ShopInventory [marketplaceIdentifier=ge,shopUrl=shop-abc,inventory={sku-123=Inventory [quantity=10,returnProductsToInventoryOnCancelOrder=false]}], ShopInventory [marketplaceIdentifier=ge,shopUrl=shop-abc,inventory={sku-123=Inventory [quantity=10,returnProductsToInventoryOnCancelOrder=false]}]]]]]>
    </line>
    <line>
      <![CDATA[Request : UpdateInventoryRequest [shopInventory=[ShopInventory [marketplaceIdentifier=es,shopUrl=shop-c1,inventory={sku-A=Inventory [quantity=100,returnProductsToInventoryOnCancelOrder=true], sku-B=Inventory [quantity=0,returnProductsToInventoryOnCancelOrder=false]}], ShopInventory [marketplaceIdentifier=es,shopUrl=shop-c2,inventory={sku-C=Inventory [quantity=200,returnProductsToInventoryOnCancelOrder=false]}], ShopInventory [marketplaceIdentifier=es,shopUrl=shop-c3,inventory={sku-C=Inventory [quantity=200,returnProductsToInventoryOnCancelOrder=false]}], ShopInventory [marketplaceIdentifier=es,shopUrl=shop-c4,inventory={sku-C=Inventory [quantity=200,returnProductsToInventoryOnCancelOrder=false]}], ShopInventory [marketplaceIdentifier=es,shopUrl=shop-c5,inventory={sku-C=Inventory [quantity=200,returnProductsToInventoryOnCancelOrder=false]}], ShopInventory [marketplaceIdentifier=es,shopUrl=shop-c6,inventory={sku-C=Inventory [quantity=200,returnProductsToInventoryOnCancelOrder=false]}], ShopInventory [marketplaceIdentifier=es,shopUrl=shop-c7,inventory={sku-C=Inventory [quantity=200,returnProductsToInventoryOnCancelOrder=false]}], ShopInventory [marketplaceIdentifier=es,shopUrl=shop-c8,inventory={sku-C=Inventory [quantity=200,returnProductsToInventoryOnCancelOrder=false]}], ShopInventory [marketplaceIdentifier=es,shopUrl=shop-c9,inventory={sku-C=Inventory [quantity=200,returnProductsToInventoryOnCancelOrder=false]}], ShopInventory [marketplaceIdentifier=es,shopUrl=shop-c10,inventory={sku-C=Inventory [quantity=200,returnProductsToInventoryOnCancelOrder=false]}], ShopInventory [marketplaceIdentifier=es,shopUrl=shop-c11,inventory={sku-C=Inventory [quantity=200,returnProductsToInventoryOnCancelOrder=false]}], ShopInventory [marketplaceIdentifier=es,shopUrl=shop-c12,inventory={sku-C=Inventory [quantity=200,returnProductsToInventoryOnCancelOrder=false]}], ShopInventory [marketplaceIdentifier=es,shopUrl=shop-c13,inventory={sku-C=Inventory [quantity=200,returnProductsToInventoryOnCancelOrder=false]}], ShopInventory [marketplaceIdentifier=es,shopUrl=shop-c14,inventory={sku-C=Inventory [quantity=200,returnProductsToInventoryOnCancelOrder=false]}], ShopInventory [marketplaceIdentifier=es,shopUrl=shop-15,inventory={sku-C=Inventory [quantity=200,returnProductsToInventoryOnCancelOrder=false]}], ShopInventory [marketplaceIdentifier=es,shopUrl=shop-16,inventory={sku-C=Inventory [quantity=200,returnProductsToInventoryOnCancelOrder=false]}], ShopInventory [marketplaceIdentifier=es,shopUrl=shop-c17,inventory={sku-C=Inventory [quantity=200,returnProductsToInventoryOnCancelOrder=false]}], ShopInventory [marketplaceIdentifier=es,shopUrl=shop-c18,inventory={sku-C=Inventory [quantity=200,returnProductsToInventoryOnCancelOrder=false]}], ShopInventory [marketplaceIdentifier=es,shopUrl=shop-c19,inventory={sku-C=Inventory [quantity=200,returnProductsToInventoryOnCancelOrder=false]}], ShopInventory [marketplaceIdentifier=es,shopUrl=shop-c20,inventory={sku-C=Inventory [quantity=200,returnProductsToInventoryOnCancelOrder=false]}], ShopInventory [marketplaceIdentifier=es,shopUrl=shop-c21,inventory={sku-C=Inventory [quantity=200,returnProductsToInventoryOnCancelOrder=false]}], ShopInventory [marketplaceIdentifier=es,shopUrl=shop-c22,inventory={sku-C=Inventory [quantity=200,returnProductsToInventoryOnCancelOrder=false]}], ShopInventory [marketplaceIdentifier=es,shopUrl=shop-23,inventory={sku-C=Inventory [quantity=200,returnProductsToInventoryOnCancelOrder=false]}], ShopInventory [marketplaceIdentifier=es,shopUrl=shop-24,inventory={sku-C=Inventory [quantity=200,returnProductsToInventoryOnCancelOrder=false]}], ShopInventory [marketplaceIdentifier=es,shopUrl=shop-c25,inventory={sku-C=Inventory [quantity=200,returnProductsToInventoryOnCancelOrder=false]}], ShopInventory [marketplaceIdentifier=es,shopUrl=shop-c26,inventory={sku-C=Inventory [quantity=200,returnProductsToInventoryOnCancelOrder=false]}], ShopInventory [marketplaceIdentifier=es,shopUrl=shop-c27,inventory={sku-C=Inventory [quantity=200,returnProductsToInventoryOnCancelOrder=false]}], ShopInventory [marketplaceIdentifier=es,shopUrl=shop-c12,inventory={sku-C=Inventory [quantity=200,returnProductsToInventoryOnCancelOrder=false]}], ShopInventory [marketplaceIdentifier=es,shopUrl=shop-c28,inventory={sku-C=Inventory [quantity=200,returnProductsToInventoryOnCancelOrder=false]}], ShopInventory [marketplaceIdentifier=es,shopUrl=shop-c29,inventory={sku-C=Inventory [quantity=200,returnProductsToInventoryOnCancelOrder=false]}], ShopInventory [marketplaceIdentifier=es,shopUrl=shop-c30,inventory={sku-C=Inventory [quantity=200,returnProductsToInventoryOnCancelOrder=false]}], ShopInventory [marketplaceIdentifier=es,shopUrl=shop-c31,inventory={sku-C=Inventory [quantity=200,returnProductsToInventoryOnCancelOrder=false]}]]]]]>
    </line>
    <line>
      <![CDATA[Request : UpdateInventoryRequest [shopInventory=[ShopInventory [marketplaceIdentifier=es,shopUrl=shop-a,inventory={sku-A=Inventory [quantity=-1,returnProductsToInventoryOnCancelOrder=true], sku-b=Inventory [quantity=1000000000,returnProductsToInventoryOnCancelOrder=false]}]]]]]>
    </line>
    <line>
      <![CDATA[Request : UpdateInventoryRequest [shopInventory=[ShopInventory [marketplaceIdentifier=es,shopUrl=shop-c,inventory={sku-A=Inventory [quantity=100,returnProductsToInventoryOnCancelOrder=true], sku-B=Inventory [quantity=0,returnProductsToInventoryOnCancelOrder=false]}], ShopInventory [marketplaceIdentifier=es,shopUrl=shop-d,inventory={sku-C=Inventory [quantity=200,returnProductsToInventoryOnCancelOrder=false]}]]]]]>
    </line>
    <line>
      <![CDATA[Request : UpdateInventoryRequest [shopInventory=[ShopInventory [marketplaceIdentifier=es,shopUrl=shop-A,inventory={sku-A=Inventory [quantity=100,returnProductsToInventoryOnCancelOrder=true], sku-B=Inventory [quantity=110,returnProductsToInventoryOnCancelOrder=false]}], ShopInventory [marketplaceIdentifier=es,shopUrl=shop-b,inventory={sku-C=Inventory [quantity=200,returnProductsToInventoryOnCancelOrder=false]}]]]]]>
    </line>
    <line>
      <![CDATA[Request : UpdateInventoryRequest [shopInventory=[ShopInventory [marketplaceIdentifier=es,shopUrl=shop-a,inventory={sku-A=Inventory [quantity=-1,returnProductsToInventoryOnCancelOrder=true], sku-b=Inventory [quantity=110,returnProductsToInventoryOnCancelOrder=false]}]]]]]>
    </line>
  </reporter-output>
  <suite name="Expression Evaluator" duration-ms="9485" started-at="2016-08-26T22:12:34Z" finished-at="2016-08-26T22:12:43Z">
    <groups>
      <group name="post">
        <method signature="UpdateInventoryAPITest.testForQuantityInGreaterThanAllowed(int)[pri:0, instance:org.rakuten.test.UpdateInventoryAPITest@254d2ed9]" name="testForQuantityInGreaterThanAllowed" class="org.rakuten.test.UpdateInventoryAPITest"/>
      </group> <!-- post -->
      <group name="negative">
        <method signature="GetInventoryAPITest.testForNonExistingProductsForBaseSkus(int)[pri:0, instance:org.rakuten.test.GetInventoryAPITest@51d6ba37]" name="testForNonExistingProductsForBaseSkus" class="org.rakuten.test.GetInventoryAPITest"/>
        <method signature="GetInventoryAPITest.testForNonExistingProductsForSkus(int)[pri:0, instance:org.rakuten.test.GetInventoryAPITest@51d6ba37]" name="testForNonExistingProductsForSkus" class="org.rakuten.test.GetInventoryAPITest"/>
        <method signature="GetInventoryAPITest.testInvalidRequest(int)[pri:0, instance:org.rakuten.test.GetInventoryAPITest@51d6ba37]" name="testInvalidRequest" class="org.rakuten.test.GetInventoryAPITest"/>
        <method signature="UpdateInventoryAPITest.testForInvalidRequest(int)[pri:0, instance:org.rakuten.test.UpdateInventoryAPITest@254d2ed9]" name="testForInvalidRequest" class="org.rakuten.test.UpdateInventoryAPITest"/>
        <method signature="UpdateInventoryAPITest.testForMoreThan1000SkusPerShops(int)[pri:0, instance:org.rakuten.test.UpdateInventoryAPITest@254d2ed9]" name="testForMoreThan1000SkusPerShops" class="org.rakuten.test.UpdateInventoryAPITest"/>
        <method signature="UpdateInventoryAPITest.testForMoreThan30Shops(int)[pri:0, instance:org.rakuten.test.UpdateInventoryAPITest@254d2ed9]" name="testForMoreThan30Shops" class="org.rakuten.test.UpdateInventoryAPITest"/>
      </group> <!-- negative -->
      <group name="positive">
        <method signature="GetInventoryAPITest.testForBaseSkus(int)[pri:0, instance:org.rakuten.test.GetInventoryAPITest@51d6ba37]" name="testForBaseSkus" class="org.rakuten.test.GetInventoryAPITest"/>
        <method signature="GetInventoryAPITest.testForSkus(int)[pri:0, instance:org.rakuten.test.GetInventoryAPITest@51d6ba37]" name="testForSkus" class="org.rakuten.test.GetInventoryAPITest"/>
        <method signature="UpdateInventoryAPITest.testFor30Shops(int)[pri:0, instance:org.rakuten.test.UpdateInventoryAPITest@254d2ed9]" name="testFor30Shops" class="org.rakuten.test.UpdateInventoryAPITest"/>
        <method signature="UpdateInventoryAPITest.testUpdatesForValidAndInvalidRequest(int)[pri:0, instance:org.rakuten.test.UpdateInventoryAPITest@254d2ed9]" name="testUpdatesForValidAndInvalidRequest" class="org.rakuten.test.UpdateInventoryAPITest"/>
        <method signature="UpdateInventoryAPITest.testValidUpdatesForMultipleShop(int)[pri:0, instance:org.rakuten.test.UpdateInventoryAPITest@254d2ed9]" name="testValidUpdatesForMultipleShop" class="org.rakuten.test.UpdateInventoryAPITest"/>
        <method signature="UpdateInventoryAPITest.testValidUpdatesForSingleShop(int)[pri:0, instance:org.rakuten.test.UpdateInventoryAPITest@254d2ed9]" name="testValidUpdatesForSingleShop" class="org.rakuten.test.UpdateInventoryAPITest"/>
      </group> <!-- positive -->
      <group name="sanity">
        <method signature="GetInventoryAPITest.testForBaseSkus(int)[pri:0, instance:org.rakuten.test.GetInventoryAPITest@51d6ba37]" name="testForBaseSkus" class="org.rakuten.test.GetInventoryAPITest"/>
        <method signature="GetInventoryAPITest.testForSkus(int)[pri:0, instance:org.rakuten.test.GetInventoryAPITest@51d6ba37]" name="testForSkus" class="org.rakuten.test.GetInventoryAPITest"/>
        <method signature="UpdateInventoryAPITest.testValidUpdatesForSingleShop(int)[pri:0, instance:org.rakuten.test.UpdateInventoryAPITest@254d2ed9]" name="testValidUpdatesForSingleShop" class="org.rakuten.test.UpdateInventoryAPITest"/>
      </group> <!-- sanity -->
    </groups>
    <test name="Get Api Test" duration-ms="6505" started-at="2016-08-26T22:12:34Z" finished-at="2016-08-26T22:12:40Z">
      <class name="org.rakuten.test.GetInventoryAPITest">
        <test-method status="PASS" signature="beforeClass()[pri:0, instance:org.rakuten.test.GetInventoryAPITest@51d6ba37]" name="beforeClass" is-config="true" duration-ms="3020" started-at="2016-08-27T03:42:34Z" finished-at="2016-08-27T03:42:37Z">
          <reporter-output>
          </reporter-output>
        </test-method> <!-- beforeClass -->
        <test-method status="PASS" signature="testForBaseSkus(int)[pri:0, instance:org.rakuten.test.GetInventoryAPITest@51d6ba37]" name="testForBaseSkus" duration-ms="2648" started-at="2016-08-27T03:42:37Z" description="This method will if getInventory api contain baseSkus in query string" data-provider="getDataForBaseSkus" finished-at="2016-08-27T03:42:40Z">
          <params>
            <param index="0">
              <value>
                <![CDATA[1]]>
              </value>
            </param>
          </params>
          <reporter-output>
            <line>
              <![CDATA[Request Parameters : {shopURL=[shop-A], baseSkus=[product-baseSku-C, product-baseSku-B, product-baseSku-A], marketplaceIdentifier=[es]}]]>
            </line>
            <line>
              <![CDATA[Actual Response : GetInventoryResponse [errors=[Errors [errorCode=901,shortMessage=baseSku product-baseSku-C does not exist,longMessage=baseSku product-baseSku-C does not exist in the shopURL shop  A of marketplace es]],products=[Products [baseSku=product-baseSku-A,variants=[Variants [sku=product-baseSku-A,variantListedShops=[VariantListedShops [marketPlaceIdentifier=es,shopUrl=shop-A,inventory=Inventory [quantity=100,returnProductsToInventoryOnCancelOrder=true]]]]]], Products [baseSku=product-baseSku-B,variants=[Variants [sku=product-sku-B-1,variantListedShops=[VariantListedShops [marketPlaceIdentifier=es,shopUrl=shop-A,inventory=Inventory [quantity=100,returnProductsToInventoryOnCancelOrder=true]]]], Variants [sku=product-sku-B-2,variantListedShops=[VariantListedShops [marketPlaceIdentifier=es,shopUrl=shop-A,inventory=Inventory [quantity=100,returnProductsToInventoryOnCancelOrder=true]]]]]]],totalCount=2]]]>
            </line>
            <line>
              <![CDATA[Expected Response : GetInventoryResponse [errors=[Errors [errorCode=901,shortMessage=baseSku product-baseSku-C does not exist,longMessage=baseSku product-baseSku-C does not exist in the shopURL shop  A of marketplace es]],products=[Products [baseSku=product-baseSku-A,variants=[Variants [sku=product-baseSku-A,variantListedShops=[VariantListedShops [marketPlaceIdentifier=es,shopUrl=shop-A,inventory=Inventory [quantity=100,returnProductsToInventoryOnCancelOrder=true]]]]]], Products [baseSku=product-baseSku-B,variants=[Variants [sku=product-sku-B-1,variantListedShops=[VariantListedShops [marketPlaceIdentifier=es,shopUrl=shop-A,inventory=Inventory [quantity=100,returnProductsToInventoryOnCancelOrder=true]]]], Variants [sku=product-sku-B-2,variantListedShops=[VariantListedShops [marketPlaceIdentifier=es,shopUrl=shop-A,inventory=Inventory [quantity=100,returnProductsToInventoryOnCancelOrder=true]]]]]]],totalCount=2]]]>
            </line>
          </reporter-output>
        </test-method> <!-- testForBaseSkus -->
        <test-method status="PASS" signature="testForNonExistingProductsForBaseSkus(int)[pri:0, instance:org.rakuten.test.GetInventoryAPITest@51d6ba37]" name="testForNonExistingProductsForBaseSkus" duration-ms="186" started-at="2016-08-27T03:42:40Z" description="This method will pass baseSku parameters for which productds do not exists" data-provider="getDataNonExistingProductsForBaseSku" finished-at="2016-08-27T03:42:40Z">
          <params>
            <param index="0">
              <value>
                <![CDATA[4]]>
              </value>
            </param>
          </params>
          <reporter-output>
            <line>
              <![CDATA[Request Parameters : {shopURL=[shop-A], baseSkus=[product-baseSku-Y, product-baseSku-X], marketplaceIdentifier=[es]}]]>
            </line>
            <line>
              <![CDATA[Actual Response : GetInventoryResponse [errors=[Errors [errorCode=901,shortMessage=baseSku product-baseSku-X and product-baseSku-Y does not exist,longMessage=baseSku product-baseSku-X and product-baseSku-Y does not exist in the shopURL shop  A of marketplace es]],products=null,totalCount=0]]]>
            </line>
            <line>
              <![CDATA[Expected Response : GetInventoryResponse [errors=[Errors [errorCode=901,shortMessage=baseSku product-baseSku-X and product-baseSku-Y does not exist,longMessage=baseSku product-baseSku-X and product-baseSku-Y does not exist in the shopURL shop  A of marketplace es]],products=null,totalCount=0]]]>
            </line>
          </reporter-output>
        </test-method> <!-- testForNonExistingProductsForBaseSkus -->
        <test-method status="PASS" signature="testForNonExistingProductsForSkus(int)[pri:0, instance:org.rakuten.test.GetInventoryAPITest@51d6ba37]" name="testForNonExistingProductsForSkus" duration-ms="195" started-at="2016-08-27T03:42:40Z" description="This method will pass skus parameters for which productds do not exists" data-provider="getDataNonExistingProductsForSku" finished-at="2016-08-27T03:42:40Z">
          <params>
            <param index="0">
              <value>
                <![CDATA[5]]>
              </value>
            </param>
          </params>
          <reporter-output>
            <line>
              <![CDATA[Request Parameters : {shopURL=[shop-A], skus=[product-sku-Y, product-sku-X], marketplaceIdentifier=[es]}]]>
            </line>
            <line>
              <![CDATA[Actual Response : GetInventoryResponse [errors=[Errors [errorCode=901,shortMessage=baseSku product-sku-X and product-sku-Y does not exist,longMessage=baseSku product-sku-X and product-sku-Y does not exist in the shopURL shop  A of marketplace es]],products=null,totalCount=0]]]>
            </line>
            <line>
              <![CDATA[Expected Response : GetInventoryResponse [errors=[Errors [errorCode=901,shortMessage=baseSku product-sku-X and product-sku-Y does not exist,longMessage=baseSku product-sku-X and product-sku-Y does not exist in the shopURL shop  A of marketplace es]],products=null,totalCount=0]]]>
            </line>
          </reporter-output>
        </test-method> <!-- testForNonExistingProductsForSkus -->
        <test-method status="PASS" signature="testForSkus(int)[pri:0, instance:org.rakuten.test.GetInventoryAPITest@51d6ba37]" name="testForSkus" duration-ms="176" started-at="2016-08-27T03:42:40Z" description="This method will if getInventory api contain skus in query string" data-provider="getDataForSkus" finished-at="2016-08-27T03:42:40Z">
          <params>
            <param index="0">
              <value>
                <![CDATA[2]]>
              </value>
            </param>
          </params>
          <reporter-output>
            <line>
              <![CDATA[Request Parameters : {shopURL=[shop-A], skus=[product-Sku-A, product-Sku-B, product-Sku-C], marketplaceIdentifier=[es]}]]>
            </line>
            <line>
              <![CDATA[Actual Response : GetInventoryResponse [errors=[Errors [errorCode=901,shortMessage=baseSku product-baseSku-C does not exist,longMessage=baseSku product-baseSku-C does not exist in the shopURL shop  A of marketplace es]],products=[Products [baseSku=product-baseSku-A,variants=[Variants [sku=sku-A,variantListedShops=[VariantListedShops [marketPlaceIdentifier=es,shopUrl=shop-A,inventory=Inventory [quantity=100,returnProductsToInventoryOnCancelOrder=true]]]]]], Products [baseSku=product-baseSku-C,variants=[Variants [sku=sku-A,variantListedShops=[VariantListedShops [marketPlaceIdentifier=es,shopUrl=shop-A,inventory=Inventory [quantity=100,returnProductsToInventoryOnCancelOrder=true]]]], Variants [sku=sku-B,variantListedShops=[VariantListedShops [marketPlaceIdentifier=es,shopUrl=shop-A,inventory=Inventory [quantity=100,returnProductsToInventoryOnCancelOrder=true]]]]]]],totalCount=2]]]>
            </line>
            <line>
              <![CDATA[Expected Response : GetInventoryResponse [errors=[Errors [errorCode=901,shortMessage=baseSku product-baseSku-C does not exist,longMessage=baseSku product-baseSku-C does not exist in the shopURL shop  A of marketplace es]],products=[Products [baseSku=product-baseSku-A,variants=[Variants [sku=sku-A,variantListedShops=[VariantListedShops [marketPlaceIdentifier=es,shopUrl=shop-A,inventory=Inventory [quantity=100,returnProductsToInventoryOnCancelOrder=true]]]]]], Products [baseSku=product-baseSku-C,variants=[Variants [sku=sku-A,variantListedShops=[VariantListedShops [marketPlaceIdentifier=es,shopUrl=shop-A,inventory=Inventory [quantity=100,returnProductsToInventoryOnCancelOrder=true]]]], Variants [sku=sku-B,variantListedShops=[VariantListedShops [marketPlaceIdentifier=es,shopUrl=shop-A,inventory=Inventory [quantity=100,returnProductsToInventoryOnCancelOrder=true]]]]]]],totalCount=2]]]>
            </line>
          </reporter-output>
        </test-method> <!-- testForSkus -->
        <test-method status="PASS" signature="testInvalidRequest(int)[pri:0, instance:org.rakuten.test.GetInventoryAPITest@51d6ba37]" name="testInvalidRequest" duration-ms="133" started-at="2016-08-27T03:42:40Z" description="This method will pass parameters which make request invalid" data-provider="getDataForInvalidRequest" finished-at="2016-08-27T03:42:40Z">
          <params>
            <param index="0">
              <value>
                <![CDATA[3]]>
              </value>
            </param>
          </params>
          <reporter-output>
            <line>
              <![CDATA[Request Parameters : {shopURL=[shop-A], baseSkus=[product-baseSku-C, product-baseSku-A], skus=[product-Sku-A, product-Sku-B, product-Sku-C], marketplaceIdentifier=[es]}]]>
            </line>
            <line>
              <![CDATA[Actual Response : GetInventoryResponse [errors=[Errors [errorCode=801,shortMessage=baseSku and sku are not allowed,longMessage=both baseSku and sku are not allowed in request]],products=null,totalCount=0]]]>
            </line>
            <line>
              <![CDATA[Expected Response : GetInventoryResponse [errors=[Errors [errorCode=801,shortMessage=baseSku and sku are not allowed,longMessage=both baseSku and sku are not allowed in request]],products=null,totalCount=0]]]>
            </line>
          </reporter-output>
        </test-method> <!-- testInvalidRequest -->
      </class> <!-- org.rakuten.test.GetInventoryAPITest -->
    </test> <!-- Get Api Test -->
    <test name="Update API Test" duration-ms="2921" started-at="2016-08-26T22:12:41Z" finished-at="2016-08-26T22:12:43Z">
      <class name="org.rakuten.test.UpdateInventoryAPITest">
        <test-method status="PASS" signature="beforeSuite()[pri:0, instance:org.rakuten.test.UpdateInventoryAPITest@254d2ed9]" name="beforeSuite" is-config="true" duration-ms="6844" started-at="2016-08-27T03:42:27Z" finished-at="2016-08-27T03:42:34Z">
          <reporter-output>
          </reporter-output>
        </test-method> <!-- beforeSuite -->
        <test-method status="PASS" signature="BeforeTest()[pri:0, instance:org.rakuten.test.UpdateInventoryAPITest@254d2ed9]" name="BeforeTest" is-config="true" duration-ms="169" started-at="2016-08-27T03:42:41Z" finished-at="2016-08-27T03:42:41Z">
          <reporter-output>
          </reporter-output>
        </test-method> <!-- BeforeTest -->
        <test-method status="PASS" signature="testFor30Shops(int)[pri:0, instance:org.rakuten.test.UpdateInventoryAPITest@254d2ed9]" name="testFor30Shops" duration-ms="647" started-at="2016-08-27T03:42:41Z" description="This method will pass update request for exact 30 shops, api should give be successful" data-provider="getDataFor30Shops" finished-at="2016-08-27T03:42:41Z">
          <params>
            <param index="0">
              <value>
                <![CDATA[4]]>
              </value>
            </param>
          </params>
          <reporter-output>
            <line>
              <![CDATA[Request : UpdateInventoryRequest [shopInventory=[ShopInventory [marketplaceIdentifier=es,shopUrl=shop-C1,inventory={sku-A=Inventory [quantity=100,returnProductsToInventoryOnCancelOrder=true], sku-B=Inventory [quantity=0,returnProductsToInventoryOnCancelOrder=false]}], ShopInventory [marketplaceIdentifier=es,shopUrl=shop-C2,inventory={sku-C=Inventory [quantity=200,returnProductsToInventoryOnCancelOrder=false]}], ShopInventory [marketplaceIdentifier=es,shopUrl=shop-C3,inventory={sku-C=Inventory [quantity=200,returnProductsToInventoryOnCancelOrder=false]}], ShopInventory [marketplaceIdentifier=es,shopUrl=shop-C4,inventory={sku-C=Inventory [quantity=200,returnProductsToInventoryOnCancelOrder=false]}], ShopInventory [marketplaceIdentifier=es,shopUrl=shop-C5,inventory={sku-C=Inventory [quantity=200,returnProductsToInventoryOnCancelOrder=false]}], ShopInventory [marketplaceIdentifier=es,shopUrl=shop-C6,inventory={sku-C=Inventory [quantity=200,returnProductsToInventoryOnCancelOrder=false]}], ShopInventory [marketplaceIdentifier=es,shopUrl=shop-C7,inventory={sku-C=Inventory [quantity=200,returnProductsToInventoryOnCancelOrder=false]}], ShopInventory [marketplaceIdentifier=es,shopUrl=shop-C8,inventory={sku-C=Inventory [quantity=200,returnProductsToInventoryOnCancelOrder=false]}], ShopInventory [marketplaceIdentifier=es,shopUrl=shop-C9,inventory={sku-C=Inventory [quantity=200,returnProductsToInventoryOnCancelOrder=false]}], ShopInventory [marketplaceIdentifier=es,shopUrl=shop-C10,inventory={sku-C=Inventory [quantity=200,returnProductsToInventoryOnCancelOrder=false]}], ShopInventory [marketplaceIdentifier=es,shopUrl=shop-C11,inventory={sku-C=Inventory [quantity=200,returnProductsToInventoryOnCancelOrder=false]}], ShopInventory [marketplaceIdentifier=es,shopUrl=shop-C12,inventory={sku-C=Inventory [quantity=200,returnProductsToInventoryOnCancelOrder=false]}], ShopInventory [marketplaceIdentifier=es,shopUrl=shop-C13,inventory={sku-C=Inventory [quantity=200,returnProductsToInventoryOnCancelOrder=false]}], ShopInventory [marketplaceIdentifier=es,shopUrl=shop-C14,inventory={sku-C=Inventory [quantity=200,returnProductsToInventoryOnCancelOrder=false]}], ShopInventory [marketplaceIdentifier=es,shopUrl=shop-15,inventory={sku-C=Inventory [quantity=200,returnProductsToInventoryOnCancelOrder=false]}], ShopInventory [marketplaceIdentifier=es,shopUrl=shop-16,inventory={sku-C=Inventory [quantity=200,returnProductsToInventoryOnCancelOrder=false]}], ShopInventory [marketplaceIdentifier=es,shopUrl=shop-C17,inventory={sku-C=Inventory [quantity=200,returnProductsToInventoryOnCancelOrder=false]}], ShopInventory [marketplaceIdentifier=es,shopUrl=shop-C18,inventory={sku-C=Inventory [quantity=200,returnProductsToInventoryOnCancelOrder=false]}], ShopInventory [marketplaceIdentifier=es,shopUrl=shop-C19,inventory={sku-C=Inventory [quantity=200,returnProductsToInventoryOnCancelOrder=false]}], ShopInventory [marketplaceIdentifier=es,shopUrl=shop-C20,inventory={sku-C=Inventory [quantity=200,returnProductsToInventoryOnCancelOrder=false]}], ShopInventory [marketplaceIdentifier=es,shopUrl=shop-C21,inventory={sku-C=Inventory [quantity=200,returnProductsToInventoryOnCancelOrder=false]}], ShopInventory [marketplaceIdentifier=es,shopUrl=shop-C22,inventory={sku-C=Inventory [quantity=200,returnProductsToInventoryOnCancelOrder=false]}], ShopInventory [marketplaceIdentifier=es,shopUrl=shop-23,inventory={sku-C=Inventory [quantity=200,returnProductsToInventoryOnCancelOrder=false]}], ShopInventory [marketplaceIdentifier=es,shopUrl=shop-24,inventory={sku-C=Inventory [quantity=200,returnProductsToInventoryOnCancelOrder=false]}], ShopInventory [marketplaceIdentifier=es,shopUrl=shop-C25,inventory={sku-C=Inventory [quantity=200,returnProductsToInventoryOnCancelOrder=false]}], ShopInventory [marketplaceIdentifier=es,shopUrl=shop-C26,inventory={sku-C=Inventory [quantity=200,returnProductsToInventoryOnCancelOrder=false]}], ShopInventory [marketplaceIdentifier=es,shopUrl=shop-C27,inventory={sku-C=Inventory [quantity=200,returnProductsToInventoryOnCancelOrder=false]}], ShopInventory [marketplaceIdentifier=es,shopUrl=shop-C12,inventory={sku-C=Inventory [quantity=200,returnProductsToInventoryOnCancelOrder=false]}], ShopInventory [marketplaceIdentifier=es,shopUrl=shop-C28,inventory={sku-C=Inventory [quantity=200,returnProductsToInventoryOnCancelOrder=false]}], ShopInventory [marketplaceIdentifier=es,shopUrl=shop-C29,inventory={sku-C=Inventory [quantity=200,returnProductsToInventoryOnCancelOrder=false]}], ShopInventory [marketplaceIdentifier=es,shopUrl=shop-C30,inventory={sku-C=Inventory [quantity=200,returnProductsToInventoryOnCancelOrder=false]}]]]]]>
            </line>
          </reporter-output>
        </test-method> <!-- testFor30Shops -->
        <test-method status="PASS" signature="testForInvalidRequest(int)[pri:0, instance:org.rakuten.test.UpdateInventoryAPITest@254d2ed9]" name="testForInvalidRequest" duration-ms="209" started-at="2016-08-27T03:42:41Z" description="This method will pass update request which is invalid according to validation rule" data-provider="getDataForInvalidRequest" finished-at="2016-08-27T03:42:42Z">
          <params>
            <param index="0">
              <value>
                <![CDATA[7]]>
              </value>
            </param>
          </params>
          <reporter-output>
            <line>
              <![CDATA[Request : UpdateInventoryRequest [shopInventory=[ShopInventory [marketplaceIdentifier=e,shopUrl=shop-acd,inventory={sku-A=Inventory [quantity=-1,returnProductsToInventoryOnCancelOrder=true], sku-CXB=Inventory [quantity=110,returnProductsToInventoryOnCancelOrder=false]}]]]]]>
            </line>
          </reporter-output>
        </test-method> <!-- testForInvalidRequest -->
        <test-method status="PASS" signature="testForInvalidRequest(int)[pri:0, instance:org.rakuten.test.UpdateInventoryAPITest@254d2ed9]" name="testForInvalidRequest" duration-ms="172" started-at="2016-08-27T03:42:42Z" description="This method will pass update request which is invalid according to validation rule" data-provider="getDataForInvalidRequest" finished-at="2016-08-27T03:42:42Z">
          <params>
            <param index="0">
              <value>
                <![CDATA[8]]>
              </value>
            </param>
          </params>
          <reporter-output>
            <line>
              <![CDATA[Request : UpdateInventoryRequest [shopInventory=[ShopInventory [marketplaceIdentifier=ebwrtd3scsesd,shopUrl=shop-acd,inventory={sku-A=Inventory [quantity=-1,returnProductsToInventoryOnCancelOrder=true], sku-CXB=Inventory [quantity=110,returnProductsToInventoryOnCancelOrder=false]}]]]]]>
            </line>
          </reporter-output>
        </test-method> <!-- testForInvalidRequest -->
        <test-method status="PASS" signature="testForInvalidRequest(int)[pri:0, instance:org.rakuten.test.UpdateInventoryAPITest@254d2ed9]" name="testForInvalidRequest" duration-ms="151" started-at="2016-08-27T03:42:42Z" description="This method will pass update request which is invalid according to validation rule" data-provider="getDataForInvalidRequest" finished-at="2016-08-27T03:42:42Z">
          <params>
            <param index="0">
              <value>
                <![CDATA[9]]>
              </value>
            </param>
          </params>
          <reporter-output>
            <line>
              <![CDATA[Request : UpdateInventoryRequest [shopInventory=[ShopInventory [marketplaceIdentifier=ebwrtd3-csesd,shopUrl=shop-acd,inventory={sku-A=Inventory [quantity=-1,returnProductsToInventoryOnCancelOrder=true], sku-CXB=Inventory [quantity=110,returnProductsToInventoryOnCancelOrder=false]}]]]]]>
            </line>
          </reporter-output>
        </test-method> <!-- testForInvalidRequest -->
        <test-method status="PASS" signature="testForInvalidRequest(int)[pri:0, instance:org.rakuten.test.UpdateInventoryAPITest@254d2ed9]" name="testForInvalidRequest" duration-ms="135" started-at="2016-08-27T03:42:42Z" description="This method will pass update request which is invalid according to validation rule" data-provider="getDataForInvalidRequest" finished-at="2016-08-27T03:42:42Z">
          <params>
            <param index="0">
              <value>
                <![CDATA[10]]>
              </value>
            </param>
          </params>
          <reporter-output>
            <line>
              <![CDATA[Request : UpdateInventoryRequest [shopInventory=[ShopInventory [marketplaceIdentifier=ebwrtd3-csesd,shopUrl=null,inventory={sku-A=Inventory [quantity=-1,returnProductsToInventoryOnCancelOrder=true], sku-CXB=Inventory [quantity=110,returnProductsToInventoryOnCancelOrder=false]}]]]]]>
            </line>
          </reporter-output>
        </test-method> <!-- testForInvalidRequest -->
        <test-method status="PASS" signature="testForInvalidRequest(int)[pri:0, instance:org.rakuten.test.UpdateInventoryAPITest@254d2ed9]" name="testForInvalidRequest" duration-ms="141" started-at="2016-08-27T03:42:42Z" description="This method will pass update request which is invalid according to validation rule" data-provider="getDataForInvalidRequest" finished-at="2016-08-27T03:42:42Z">
          <params>
            <param index="0">
              <value>
                <![CDATA[11]]>
              </value>
            </param>
          </params>
          <reporter-output>
            <line>
              <![CDATA[Request : UpdateInventoryRequest [shopInventory=[ShopInventory [marketplaceIdentifier=ebwrtd3-csesd,shopUrl=shop-acdertyuiopasdfghjklzxcvbnmpoiuytrewqasdfghjkl,inventory={sku-A=Inventory [quantity=-1,returnProductsToInventoryOnCancelOrder=true], sku-CXB=Inventory [quantity=110,returnProductsToInventoryOnCancelOrder=false]}]]]]]>
            </line>
          </reporter-output>
        </test-method> <!-- testForInvalidRequest -->
        <test-method status="PASS" signature="testForInvalidRequest(int)[pri:0, instance:org.rakuten.test.UpdateInventoryAPITest@254d2ed9]" name="testForInvalidRequest" duration-ms="119" started-at="2016-08-27T03:42:42Z" description="This method will pass update request which is invalid according to validation rule" data-provider="getDataForInvalidRequest" finished-at="2016-08-27T03:42:42Z">
          <params>
            <param index="0">
              <value>
                <![CDATA[12]]>
              </value>
            </param>
          </params>
          <reporter-output>
            <line>
              <![CDATA[Request : null]]>
            </line>
          </reporter-output>
        </test-method> <!-- testForInvalidRequest -->
        <test-method status="PASS" signature="testForInvalidRequest(int)[pri:0, instance:org.rakuten.test.UpdateInventoryAPITest@254d2ed9]" name="testForInvalidRequest" duration-ms="83" started-at="2016-08-27T03:42:42Z" description="This method will pass update request which is invalid according to validation rule" data-provider="getDataForInvalidRequest" finished-at="2016-08-27T03:42:42Z">
          <params>
            <param index="0">
              <value>
                <![CDATA[13]]>
              </value>
            </param>
          </params>
          <reporter-output>
            <line>
              <![CDATA[Request : UpdateInventoryRequest [shopInventory=[ShopInventory [marketplaceIdentifier=null,shopUrl=shop-ACD,inventory={sku-A=Inventory [quantity=-1,returnProductsToInventoryOnCancelOrder=true], sku-CXB=Inventory [quantity=110,returnProductsToInventoryOnCancelOrder=false]}]]]]]>
            </line>
          </reporter-output>
        </test-method> <!-- testForInvalidRequest -->
        <test-method status="PASS" signature="testForInvalidRequest(int)[pri:0, instance:org.rakuten.test.UpdateInventoryAPITest@254d2ed9]" name="testForInvalidRequest" duration-ms="125" started-at="2016-08-27T03:42:42Z" description="This method will pass update request which is invalid according to validation rule" data-provider="getDataForInvalidRequest" finished-at="2016-08-27T03:42:43Z">
          <params>
            <param index="0">
              <value>
                <![CDATA[14]]>
              </value>
            </param>
          </params>
          <reporter-output>
            <line>
              <![CDATA[Request : UpdateInventoryRequest [shopInventory=[ShopInventory [marketplaceIdentifier=ebwrtd3-csesd,shopUrl=shop-ACD,inventory=null]]]]]>
            </line>
          </reporter-output>
        </test-method> <!-- testForInvalidRequest -->
        <test-method status="PASS" signature="testForInvalidRequest(int)[pri:0, instance:org.rakuten.test.UpdateInventoryAPITest@254d2ed9]" name="testForInvalidRequest" duration-ms="109" started-at="2016-08-27T03:42:43Z" description="This method will pass update request which is invalid according to validation rule" data-provider="getDataForInvalidRequest" finished-at="2016-08-27T03:42:43Z">
          <params>
            <param index="0">
              <value>
                <![CDATA[15]]>
              </value>
            </param>
          </params>
          <reporter-output>
            <line>
              <![CDATA[Request : UpdateInventoryRequest [shopInventory=[ShopInventory [marketplaceIdentifier=es,shopUrl=shop-a,inventory={sku-A=Inventory [quantity=-1,returnProductsToInventoryOnCancelOrder=true], sku-b=Inventory [quantity=1000000000,returnProductsToInventoryOnCancelOrder=false]}]]]]]>
            </line>
          </reporter-output>
        </test-method> <!-- testForInvalidRequest -->
        <test-method status="PASS" signature="testForMoreThan1000SkusPerShops(int)[pri:0, instance:org.rakuten.test.UpdateInventoryAPITest@254d2ed9]" name="testForMoreThan1000SkusPerShops" duration-ms="264" started-at="2016-08-27T03:42:43Z" description="This method will pass update request for more than 1000 uniq skus for a shops" data-provider="getDataForMoreThan1000SkusPerShops" finished-at="2016-08-27T03:42:43Z">
          <params>
            <param index="0">
              <value>
                <![CDATA[50]]>
              </value>
            </param>
          </params>
          <reporter-output>
            <line>
              <![CDATA[Request : UpdateInventoryRequest [shopInventory=[ShopInventory [marketplaceIdentifier=ge,shopUrl=shop-abc,inventory={sku-123=Inventory [quantity=10,returnProductsToInventoryOnCancelOrder=false]}], ShopInventory [marketplaceIdentifier=ge,shopUrl=shop-abc,inventory={sku-123=Inventory [quantity=10,returnProductsToInventoryOnCancelOrder=false]}], ShopInventory [marketplaceIdentifier=ge,shopUrl=shop-abc,inventory={sku-123=Inventory [quantity=10,returnProductsToInventoryOnCancelOrder=false]}], ShopInventory [marketplaceIdentifier=ge,shopUrl=shop-abc,inventory={sku-123=Inventory [quantity=10,returnProductsToInventoryOnCancelOrder=false]}], ShopInventory [marketplaceIdentifier=ge,shopUrl=shop-abc,inventory={sku-123=Inventory [quantity=10,returnProductsToInventoryOnCancelOrder=false]}], ShopInventory [marketplaceIdentifier=ge,shopUrl=shop-abc,inventory={sku-123=Inventory [quantity=10,returnProductsToInventoryOnCancelOrder=false]}], ShopInventory [marketplaceIdentifier=ge,shopUrl=shop-abc,inventory={sku-123=Inventory [quantity=10,returnProductsToInventoryOnCancelOrder=false]}], ShopInventory [marketplaceIdentifier=ge,shopUrl=shop-abc,inventory={sku-123=Inventory [quantity=10,returnProductsToInventoryOnCancelOrder=false]}], ShopInventory [marketplaceIdentifier=ge,shopUrl=shop-abc,inventory={sku-123=Inventory [quantity=10,returnProductsToInventoryOnCancelOrder=false]}], ShopInventory [marketplaceIdentifier=ge,shopUrl=shop-abc,inventory={sku-123=Inventory [quantity=10,returnProductsToInventoryOnCancelOrder=false]}], ShopInventory [marketplaceIdentifier=ge,shopUrl=shop-abc,inventory={sku-123=Inventory [quantity=10,returnProductsToInventoryOnCancelOrder=false]}], ShopInventory [marketplaceIdentifier=ge,shopUrl=shop-abc,inventory={sku-123=Inventory [quantity=10,returnProductsToInventoryOnCancelOrder=false]}], ShopInventory [marketplaceIdentifier=ge,shopUrl=shop-abc,inventory={sku-123=Inventory [quantity=10,returnProductsToInventoryOnCancelOrder=false]}], ShopInventory [marketplaceIdentifier=ge,shopUrl=shop-abc,inventory={sku-123=Inventory [quantity=10,returnProductsToInventoryOnCancelOrder=false]}], ShopInventory [marketplaceIdentifier=ge,shopUrl=shop-abc,inventory={sku-123=Inventory [quantity=10,returnProductsToInventoryOnCancelOrder=false]}], ShopInventory [marketplaceIdentifier=ge,shopUrl=shop-abc,inventory={sku-123=Inventory [quantity=10,returnProductsToInventoryOnCancelOrder=false]}], ShopInventory [marketplaceIdentifier=ge,shopUrl=shop-abc,inventory={sku-123=Inventory [quantity=10,returnProductsToInventoryOnCancelOrder=false]}], ShopInventory [marketplaceIdentifier=ge,shopUrl=shop-abc,inventory={sku-123=Inventory [quantity=10,returnProductsToInventoryOnCancelOrder=false]}], ShopInventory [marketplaceIdentifier=ge,shopUrl=shop-abc,inventory={sku-123=Inventory [quantity=10,returnProductsToInventoryOnCancelOrder=false]}], ShopInventory [marketplaceIdentifier=ge,shopUrl=shop-abc,inventory={sku-123=Inventory [quantity=10,returnProductsToInventoryOnCancelOrder=false]}], ShopInventory [marketplaceIdentifier=ge,shopUrl=shop-abc,inventory={sku-123=Inventory [quantity=10,returnProductsToInventoryOnCancelOrder=false]}], ShopInventory [marketplaceIdentifier=ge,shopUrl=shop-abc,inventory={sku-123=Inventory [quantity=10,returnProductsToInventoryOnCancelOrder=false]}], ShopInventory [marketplaceIdentifier=ge,shopUrl=shop-abc,inventory={sku-123=Inventory [quantity=10,returnProductsToInventoryOnCancelOrder=false]}], ShopInventory [marketplaceIdentifier=ge,shopUrl=shop-abc,inventory={sku-123=Inventory [quantity=10,returnProductsToInventoryOnCancelOrder=false]}], ShopInventory [marketplaceIdentifier=ge,shopUrl=shop-abc,inventory={sku-123=Inventory [quantity=10,returnProductsToInventoryOnCancelOrder=false]}], ShopInventory [marketplaceIdentifier=ge,shopUrl=shop-abc,inventory={sku-123=Inventory [quantity=10,returnProductsToInventoryOnCancelOrder=false]}], ShopInventory [marketplaceIdentifier=ge,shopUrl=shop-abc,inventory={sku-123=Inventory [quantity=10,returnProductsToInventoryOnCancelOrder=false]}], ShopInventory [marketplaceIdentifier=ge,shopUrl=shop-abc,inventory={sku-123=Inventory [quantity=10,returnProductsToInventoryOnCancelOrder=false]}], ShopInventory [marketplaceIdentifier=ge,shopUrl=shop-abc,inventory={sku-123=Inventory [quantity=10,returnProductsToInventoryOnCancelOrder=false]}], ShopInventory [marketplaceIdentifier=ge,shopUrl=shop-abc,inventory={sku-123=Inventory [quantity=10,returnProductsToInventoryOnCancelOrder=false]}], ShopInventory [marketplaceIdentifier=ge,shopUrl=shop-abc,inventory={sku-123=Inventory [quantity=10,returnProductsToInventoryOnCancelOrder=false]}], ShopInventory [marketplaceIdentifier=ge,shopUrl=shop-abc,inventory={sku-123=Inventory [quantity=10,returnProductsToInventoryOnCancelOrder=false]}], ShopInventory [marketplaceIdentifier=ge,shopUrl=shop-abc,inventory={sku-123=Inventory [quantity=10,returnProductsToInventoryOnCancelOrder=false]}], ShopInventory [marketplaceIdentifier=ge,shopUrl=shop-abc,inventory={sku-123=Inventory [quantity=10,returnProductsToInventoryOnCancelOrder=false]}], ShopInventory [marketplaceIdentifier=ge,shopUrl=shop-abc,inventory={sku-123=Inventory [quantity=10,returnProductsToInventoryOnCancelOrder=false]}], ShopInventory [marketplaceIdentifier=ge,shopUrl=shop-abc,inventory={sku-123=Inventory [quantity=10,returnProductsToInventoryOnCancelOrder=false]}], ShopInventory [marketplaceIdentifier=ge,shopUrl=shop-abc,inventory={sku-123=Inventory [quantity=10,returnProductsToInventoryOnCancelOrder=false]}], ShopInventory [marketplaceIdentifier=ge,shopUrl=shop-abc,inventory={sku-123=Inventory [quantity=10,returnProductsToInventoryOnCancelOrder=false]}], ShopInventory [marketplaceIdentifier=ge,shopUrl=shop-abc,inventory={sku-123=Inventory [quantity=10,returnProductsToInventoryOnCancelOrder=false]}], ShopInventory [marketplaceIdentifier=ge,shopUrl=shop-abc,inventory={sku-123=Inventory [quantity=10,returnProductsToInventoryOnCancelOrder=false]}], ShopInventory [marketplaceIdentifier=ge,shopUrl=shop-abc,inventory={sku-123=Inventory [quantity=10,returnProductsToInventoryOnCancelOrder=false]}], ShopInventory [marketplaceIdentifier=ge,shopUrl=shop-abc,inventory={sku-123=Inventory [quantity=10,returnProductsToInventoryOnCancelOrder=false]}], ShopInventory [marketplaceIdentifier=ge,shopUrl=shop-abc,inventory={sku-123=Inventory [quantity=10,returnProductsToInventoryOnCancelOrder=false]}], ShopInventory [marketplaceIdentifier=ge,shopUrl=shop-abc,inventory={sku-123=Inventory [quantity=10,returnProductsToInventoryOnCancelOrder=false]}], ShopInventory [marketplaceIdentifier=ge,shopUrl=shop-abc,inventory={sku-123=Inventory [quantity=10,returnProductsToInventoryOnCancelOrder=false]}], ShopInventory [marketplaceIdentifier=ge,shopUrl=shop-abc,inventory={sku-123=Inventory [quantity=10,returnProductsToInventoryOnCancelOrder=false]}], ShopInventory [marketplaceIdentifier=ge,shopUrl=shop-abc,inventory={sku-123=Inventory [quantity=10,returnProductsToInventoryOnCancelOrder=false]}], ShopInventory [marketplaceIdentifier=ge,shopUrl=shop-abc,inventory={sku-123=Inventory [quantity=10,returnProductsToInventoryOnCancelOrder=false]}], ShopInventory [marketplaceIdentifier=ge,shopUrl=shop-abc,inventory={sku-123=Inventory [quantity=10,returnProductsToInventoryOnCancelOrder=false]}], ShopInventory [marketplaceIdentifier=ge,shopUrl=shop-abc,inventory={sku-123=Inventory [quantity=10,returnProductsToInventoryOnCancelOrder=false]}], ShopInventory [marketplaceIdentifier=ge,shopUrl=shop-abc,inventory={sku-123=Inventory [quantity=10,returnProductsToInventoryOnCancelOrder=false]}], ShopInventory [marketplaceIdentifier=ge,shopUrl=shop-abc,inventory={sku-123=Inventory [quantity=10,returnProductsToInventoryOnCancelOrder=false]}], ShopInventory [marketplaceIdentifier=ge,shopUrl=shop-abc,inventory={sku-123=Inventory [quantity=10,returnProductsToInventoryOnCancelOrder=false]}], ShopInventory [marketplaceIdentifier=ge,shopUrl=shop-abc,inventory={sku-123=Inventory [quantity=10,returnProductsToInventoryOnCancelOrder=false]}], ShopInventory [marketplaceIdentifier=ge,shopUrl=shop-abc,inventory={sku-123=Inventory [quantity=10,returnProductsToInventoryOnCancelOrder=false]}], ShopInventory [marketplaceIdentifier=ge,shopUrl=shop-abc,inventory={sku-123=Inventory [quantity=10,returnProductsToInventoryOnCancelOrder=false]}], ShopInventory [marketplaceIdentifier=ge,shopUrl=shop-abc,inventory={sku-123=Inventory [quantity=10,returnProductsToInventoryOnCancelOrder=false]}], ShopInventory [marketplaceIdentifier=ge,shopUrl=shop-abc,inventory={sku-123=Inventory [quantity=10,returnProductsToInventoryOnCancelOrder=false]}], ShopInventory [marketplaceIdentifier=ge,shopUrl=shop-abc,inventory={sku-123=Inventory [quantity=10,returnProductsToInventoryOnCancelOrder=false]}], ShopInventory [marketplaceIdentifier=ge,shopUrl=shop-abc,inventory={sku-123=Inventory [quantity=10,returnProductsToInventoryOnCancelOrder=false]}], ShopInventory [marketplaceIdentifier=ge,shopUrl=shop-abc,inventory={sku-123=Inventory [quantity=10,returnProductsToInventoryOnCancelOrder=false]}], ShopInventory [marketplaceIdentifier=ge,shopUrl=shop-abc,inventory={sku-123=Inventory [quantity=10,returnProductsToInventoryOnCancelOrder=false]}], ShopInventory [marketplaceIdentifier=ge,shopUrl=shop-abc,inventory={sku-123=Inventory [quantity=10,returnProductsToInventoryOnCancelOrder=false]}], ShopInventory [marketplaceIdentifier=ge,shopUrl=shop-abc,inventory={sku-123=Inventory [quantity=10,returnProductsToInventoryOnCancelOrder=false]}], ShopInventory [marketplaceIdentifier=ge,shopUrl=shop-abc,inventory={sku-123=Inventory [quantity=10,returnProductsToInventoryOnCancelOrder=false]}], ShopInventory [marketplaceIdentifier=ge,shopUrl=shop-abc,inventory={sku-123=Inventory [quantity=10,returnProductsToInventoryOnCancelOrder=false]}], ShopInventory [marketplaceIdentifier=ge,shopUrl=shop-abc,inventory={sku-123=Inventory [quantity=10,returnProductsToInventoryOnCancelOrder=false]}], ShopInventory [marketplaceIdentifier=ge,shopUrl=shop-abc,inventory={sku-123=Inventory [quantity=10,returnProductsToInventoryOnCancelOrder=false]}], ShopInventory [marketplaceIdentifier=ge,shopUrl=shop-abc,inventory={sku-123=Inventory [quantity=10,returnProductsToInventoryOnCancelOrder=false]}], ShopInventory [marketplaceIdentifier=ge,shopUrl=shop-abc,inventory={sku-123=Inventory [quantity=10,returnProductsToInventoryOnCancelOrder=false]}], ShopInventory [marketplaceIdentifier=ge,shopUrl=shop-abc,inventory={sku-123=Inventory [quantity=10,returnProductsToInventoryOnCancelOrder=false]}], ShopInventory [marketplaceIdentifier=ge,shopUrl=shop-abc,inventory={sku-123=Inventory [quantity=10,returnProductsToInventoryOnCancelOrder=false]}], ShopInventory [marketplaceIdentifier=ge,shopUrl=shop-abc,inventory={sku-123=Inventory [quantity=10,returnProductsToInventoryOnCancelOrder=false]}], ShopInventory [marketplaceIdentifier=ge,shopUrl=shop-abc,inventory={sku-123=Inventory [quantity=10,returnProductsToInventoryOnCancelOrder=false]}], ShopInventory [marketplaceIdentifier=ge,shopUrl=shop-abc,inventory={sku-123=Inventory [quantity=10,returnProductsToInventoryOnCancelOrder=false]}], ShopInventory [marketplaceIdentifier=ge,shopUrl=shop-abc,inventory={sku-123=Inventory [quantity=10,returnProductsToInventoryOnCancelOrder=false]}], ShopInventory [marketplaceIdentifier=ge,shopUrl=shop-abc,inventory={sku-123=Inventory [quantity=10,returnProductsToInventoryOnCancelOrder=false]}], ShopInventory [marketplaceIdentifier=ge,shopUrl=shop-abc,inventory={sku-123=Inventory [quantity=10,returnProductsToInventoryOnCancelOrder=false]}], ShopInventory [marketplaceIdentifier=ge,shopUrl=shop-abc,inventory={sku-123=Inventory [quantity=10,returnProductsToInventoryOnCancelOrder=false]}], ShopInventory [marketplaceIdentifier=ge,shopUrl=shop-abc,inventory={sku-123=Inventory [quantity=10,returnProductsToInventoryOnCancelOrder=false]}], ShopInventory [marketplaceIdentifier=ge,shopUrl=shop-abc,inventory={sku-123=Inventory [quantity=10,returnProductsToInventoryOnCancelOrder=false]}], ShopInventory [marketplaceIdentifier=ge,shopUrl=shop-abc,inventory={sku-123=Inventory [quantity=10,returnProductsToInventoryOnCancelOrder=false]}], ShopInventory [marketplaceIdentifier=ge,shopUrl=shop-abc,inventory={sku-123=Inventory [quantity=10,returnProductsToInventoryOnCancelOrder=false]}], ShopInventory [marketplaceIdentifier=ge,shopUrl=shop-abc,inventory={sku-123=Inventory [quantity=10,returnProductsToInventoryOnCancelOrder=false]}], ShopInventory [marketplaceIdentifier=ge,shopUrl=shop-abc,inventory={sku-123=Inventory [quantity=10,returnProductsToInventoryOnCancelOrder=false]}], ShopInventory [marketplaceIdentifier=ge,shopUrl=shop-abc,inventory={sku-123=Inventory [quantity=10,returnProductsToInventoryOnCancelOrder=false]}], ShopInventory [marketplaceIdentifier=ge,shopUrl=shop-abc,inventory={sku-123=Inventory [quantity=10,returnProductsToInventoryOnCancelOrder=false]}], ShopInventory [marketplaceIdentifier=ge,shopUrl=shop-abc,inventory={sku-123=Inventory [quantity=10,returnProductsToInventoryOnCancelOrder=false]}], ShopInventory [marketplaceIdentifier=ge,shopUrl=shop-abc,inventory={sku-123=Inventory [quantity=10,returnProductsToInventoryOnCancelOrder=false]}], ShopInventory [marketplaceIdentifier=ge,shopUrl=shop-abc,inventory={sku-123=Inventory [quantity=10,returnProductsToInventoryOnCancelOrder=false]}], ShopInventory [marketplaceIdentifier=ge,shopUrl=shop-abc,inventory={sku-123=Inventory [quantity=10,returnProductsToInventoryOnCancelOrder=false]}], ShopInventory [marketplaceIdentifier=ge,shopUrl=shop-abc,inventory={sku-123=Inventory [quantity=10,returnProductsToInventoryOnCancelOrder=false]}], ShopInventory [marketplaceIdentifier=ge,shopUrl=shop-abc,inventory={sku-123=Inventory [quantity=10,returnProductsToInventoryOnCancelOrder=false]}], ShopInventory [marketplaceIdentifier=ge,shopUrl=shop-abc,inventory={sku-123=Inventory [quantity=10,returnProductsToInventoryOnCancelOrder=false]}], ShopInventory [marketplaceIdentifier=ge,shopUrl=shop-abc,inventory={sku-123=Inventory [quantity=10,returnProductsToInventoryOnCancelOrder=false]}], ShopInventory [marketplaceIdentifier=ge,shopUrl=shop-abc,inventory={sku-123=Inventory [quantity=10,returnProductsToInventoryOnCancelOrder=false]}], ShopInventory [marketplaceIdentifier=ge,shopUrl=shop-abc,inventory={sku-123=Inventory [quantity=10,returnProductsToInventoryOnCancelOrder=false]}], ShopInventory [marketplaceIdentifier=ge,shopUrl=shop-abc,inventory={sku-123=Inventory [quantity=10,returnProductsToInventoryOnCancelOrder=false]}], ShopInventory [marketplaceIdentifier=ge,shopUrl=shop-abc,inventory={sku-123=Inventory [quantity=10,returnProductsToInventoryOnCancelOrder=false]}], ShopInventory [marketplaceIdentifier=ge,shopUrl=shop-abc,inventory={sku-123=Inventory [quantity=10,returnProductsToInventoryOnCancelOrder=false]}], ShopInventory [marketplaceIdentifier=ge,shopUrl=shop-abc,inventory={sku-123=Inventory [quantity=10,returnProductsToInventoryOnCancelOrder=false]}], ShopInventory [marketplaceIdentifier=ge,shopUrl=shop-abc,inventory={sku-123=Inventory [quantity=10,returnProductsToInventoryOnCancelOrder=false]}], ShopInventory [marketplaceIdentifier=ge,shopUrl=shop-abc,inventory={sku-123=Inventory [quantity=10,returnProductsToInventoryOnCancelOrder=false]}], ShopInventory [marketplaceIdentifier=ge,shopUrl=shop-abc,inventory={sku-123=Inventory [quantity=10,returnProductsToInventoryOnCancelOrder=false]}], ShopInventory [marketplaceIdentifier=ge,shopUrl=shop-abc,inventory={sku-123=Inventory [quantity=10,returnProductsToInventoryOnCancelOrder=false]}], ShopInventory [marketplaceIdentifier=ge,shopUrl=shop-abc,inventory={sku-123=Inventory [quantity=10,returnProductsToInventoryOnCancelOrder=false]}], ShopInventory [marketplaceIdentifier=ge,shopUrl=shop-abc,inventory={sku-123=Inventory [quantity=10,returnProductsToInventoryOnCancelOrder=false]}], ShopInventory [marketplaceIdentifier=ge,shopUrl=shop-abc,inventory={sku-123=Inventory [quantity=10,returnProductsToInventoryOnCancelOrder=false]}], ShopInventory [marketplaceIdentifier=ge,shopUrl=shop-abc,inventory={sku-123=Inventory [quantity=10,returnProductsToInventoryOnCancelOrder=false]}], ShopInventory [marketplaceIdentifier=ge,shopUrl=shop-abc,inventory={sku-123=Inventory [quantity=10,returnProductsToInventoryOnCancelOrder=false]}], ShopInventory [marketplaceIdentifier=ge,shopUrl=shop-abc,inventory={sku-123=Inventory [quantity=10,returnProductsToInventoryOnCancelOrder=false]}], ShopInventory [marketplaceIdentifier=ge,shopUrl=shop-abc,inventory={sku-123=Inventory [quantity=10,returnProductsToInventoryOnCancelOrder=false]}], ShopInventory [marketplaceIdentifier=ge,shopUrl=shop-abc,inventory={sku-123=Inventory [quantity=10,returnProductsToInventoryOnCancelOrder=false]}], ShopInventory [marketplaceIdentifier=ge,shopUrl=shop-abc,inventory={sku-123=Inventory [quantity=10,returnProductsToInventoryOnCancelOrder=false]}], ShopInventory [marketplaceIdentifier=ge,shopUrl=shop-abc,inventory={sku-123=Inventory [quantity=10,returnProductsToInventoryOnCancelOrder=false]}], ShopInventory [marketplaceIdentifier=ge,shopUrl=shop-abc,inventory={sku-123=Inventory [quantity=10,returnProductsToInventoryOnCancelOrder=false]}], ShopInventory [marketplaceIdentifier=ge,shopUrl=shop-abc,inventory={sku-123=Inventory [quantity=10,returnProductsToInventoryOnCancelOrder=false]}], ShopInventory [marketplaceIdentifier=ge,shopUrl=shop-abc,inventory={sku-123=Inventory [quantity=10,returnProductsToInventoryOnCancelOrder=false]}], ShopInventory [marketplaceIdentifier=ge,shopUrl=shop-abc,inventory={sku-123=Inventory [quantity=10,returnProductsToInventoryOnCancelOrder=false]}], ShopInventory [marketplaceIdentifier=ge,shopUrl=shop-abc,inventory={sku-123=Inventory [quantity=10,returnProductsToInventoryOnCancelOrder=false]}], ShopInventory [marketplaceIdentifier=ge,shopUrl=shop-abc,inventory={sku-123=Inventory [quantity=10,returnProductsToInventoryOnCancelOrder=false]}], ShopInventory [marketplaceIdentifier=ge,shopUrl=shop-abc,inventory={sku-123=Inventory [quantity=10,returnProductsToInventoryOnCancelOrder=false]}], ShopInventory [marketplaceIdentifier=ge,shopUrl=shop-abc,inventory={sku-123=Inventory [quantity=10,returnProductsToInventoryOnCancelOrder=false]}], ShopInventory [marketplaceIdentifier=ge,shopUrl=shop-abc,inventory={sku-123=Inventory [quantity=10,returnProductsToInventoryOnCancelOrder=false]}]]]]]>
            </line>
          </reporter-output>
        </test-method> <!-- testForMoreThan1000SkusPerShops -->
        <test-method status="PASS" signature="testForMoreThan30Shops(int)[pri:0, instance:org.rakuten.test.UpdateInventoryAPITest@254d2ed9]" name="testForMoreThan30Shops" duration-ms="124" started-at="2016-08-27T03:42:43Z" description="This method will pass update request for more than 30 shops, api should give error" data-provider="getDataForMoreThan30Shops" finished-at="2016-08-27T03:42:43Z">
          <params>
            <param index="0">
              <value>
                <![CDATA[5]]>
              </value>
            </param>
          </params>
          <reporter-output>
            <line>
              <![CDATA[Request : UpdateInventoryRequest [shopInventory=[ShopInventory [marketplaceIdentifier=es,shopUrl=shop-c1,inventory={sku-A=Inventory [quantity=100,returnProductsToInventoryOnCancelOrder=true], sku-B=Inventory [quantity=0,returnProductsToInventoryOnCancelOrder=false]}], ShopInventory [marketplaceIdentifier=es,shopUrl=shop-c2,inventory={sku-C=Inventory [quantity=200,returnProductsToInventoryOnCancelOrder=false]}], ShopInventory [marketplaceIdentifier=es,shopUrl=shop-c3,inventory={sku-C=Inventory [quantity=200,returnProductsToInventoryOnCancelOrder=false]}], ShopInventory [marketplaceIdentifier=es,shopUrl=shop-c4,inventory={sku-C=Inventory [quantity=200,returnProductsToInventoryOnCancelOrder=false]}], ShopInventory [marketplaceIdentifier=es,shopUrl=shop-c5,inventory={sku-C=Inventory [quantity=200,returnProductsToInventoryOnCancelOrder=false]}], ShopInventory [marketplaceIdentifier=es,shopUrl=shop-c6,inventory={sku-C=Inventory [quantity=200,returnProductsToInventoryOnCancelOrder=false]}], ShopInventory [marketplaceIdentifier=es,shopUrl=shop-c7,inventory={sku-C=Inventory [quantity=200,returnProductsToInventoryOnCancelOrder=false]}], ShopInventory [marketplaceIdentifier=es,shopUrl=shop-c8,inventory={sku-C=Inventory [quantity=200,returnProductsToInventoryOnCancelOrder=false]}], ShopInventory [marketplaceIdentifier=es,shopUrl=shop-c9,inventory={sku-C=Inventory [quantity=200,returnProductsToInventoryOnCancelOrder=false]}], ShopInventory [marketplaceIdentifier=es,shopUrl=shop-c10,inventory={sku-C=Inventory [quantity=200,returnProductsToInventoryOnCancelOrder=false]}], ShopInventory [marketplaceIdentifier=es,shopUrl=shop-c11,inventory={sku-C=Inventory [quantity=200,returnProductsToInventoryOnCancelOrder=false]}], ShopInventory [marketplaceIdentifier=es,shopUrl=shop-c12,inventory={sku-C=Inventory [quantity=200,returnProductsToInventoryOnCancelOrder=false]}], ShopInventory [marketplaceIdentifier=es,shopUrl=shop-c13,inventory={sku-C=Inventory [quantity=200,returnProductsToInventoryOnCancelOrder=false]}], ShopInventory [marketplaceIdentifier=es,shopUrl=shop-c14,inventory={sku-C=Inventory [quantity=200,returnProductsToInventoryOnCancelOrder=false]}], ShopInventory [marketplaceIdentifier=es,shopUrl=shop-15,inventory={sku-C=Inventory [quantity=200,returnProductsToInventoryOnCancelOrder=false]}], ShopInventory [marketplaceIdentifier=es,shopUrl=shop-16,inventory={sku-C=Inventory [quantity=200,returnProductsToInventoryOnCancelOrder=false]}], ShopInventory [marketplaceIdentifier=es,shopUrl=shop-c17,inventory={sku-C=Inventory [quantity=200,returnProductsToInventoryOnCancelOrder=false]}], ShopInventory [marketplaceIdentifier=es,shopUrl=shop-c18,inventory={sku-C=Inventory [quantity=200,returnProductsToInventoryOnCancelOrder=false]}], ShopInventory [marketplaceIdentifier=es,shopUrl=shop-c19,inventory={sku-C=Inventory [quantity=200,returnProductsToInventoryOnCancelOrder=false]}], ShopInventory [marketplaceIdentifier=es,shopUrl=shop-c20,inventory={sku-C=Inventory [quantity=200,returnProductsToInventoryOnCancelOrder=false]}], ShopInventory [marketplaceIdentifier=es,shopUrl=shop-c21,inventory={sku-C=Inventory [quantity=200,returnProductsToInventoryOnCancelOrder=false]}], ShopInventory [marketplaceIdentifier=es,shopUrl=shop-c22,inventory={sku-C=Inventory [quantity=200,returnProductsToInventoryOnCancelOrder=false]}], ShopInventory [marketplaceIdentifier=es,shopUrl=shop-23,inventory={sku-C=Inventory [quantity=200,returnProductsToInventoryOnCancelOrder=false]}], ShopInventory [marketplaceIdentifier=es,shopUrl=shop-24,inventory={sku-C=Inventory [quantity=200,returnProductsToInventoryOnCancelOrder=false]}], ShopInventory [marketplaceIdentifier=es,shopUrl=shop-c25,inventory={sku-C=Inventory [quantity=200,returnProductsToInventoryOnCancelOrder=false]}], ShopInventory [marketplaceIdentifier=es,shopUrl=shop-c26,inventory={sku-C=Inventory [quantity=200,returnProductsToInventoryOnCancelOrder=false]}], ShopInventory [marketplaceIdentifier=es,shopUrl=shop-c27,inventory={sku-C=Inventory [quantity=200,returnProductsToInventoryOnCancelOrder=false]}], ShopInventory [marketplaceIdentifier=es,shopUrl=shop-c12,inventory={sku-C=Inventory [quantity=200,returnProductsToInventoryOnCancelOrder=false]}], ShopInventory [marketplaceIdentifier=es,shopUrl=shop-c28,inventory={sku-C=Inventory [quantity=200,returnProductsToInventoryOnCancelOrder=false]}], ShopInventory [marketplaceIdentifier=es,shopUrl=shop-c29,inventory={sku-C=Inventory [quantity=200,returnProductsToInventoryOnCancelOrder=false]}], ShopInventory [marketplaceIdentifier=es,shopUrl=shop-c30,inventory={sku-C=Inventory [quantity=200,returnProductsToInventoryOnCancelOrder=false]}], ShopInventory [marketplaceIdentifier=es,shopUrl=shop-c31,inventory={sku-C=Inventory [quantity=200,returnProductsToInventoryOnCancelOrder=false]}]]]]]>
            </line>
          </reporter-output>
        </test-method> <!-- testForMoreThan30Shops -->
        <test-method status="PASS" signature="testForQuantityInGreaterThanAllowed(int)[pri:0, instance:org.rakuten.test.UpdateInventoryAPITest@254d2ed9]" name="testForQuantityInGreaterThanAllowed" duration-ms="89" started-at="2016-08-27T03:42:43Z" description="This method will pass update request which contain quantity of some sku in range and for some sku out of range" data-provider="getDataForQuantityInGreaterThanAllowed" finished-at="2016-08-27T03:42:43Z">
          <params>
            <param index="0">
              <value>
                <![CDATA[6]]>
              </value>
            </param>
          </params>
          <reporter-output>
            <line>
              <![CDATA[Request : UpdateInventoryRequest [shopInventory=[ShopInventory [marketplaceIdentifier=es,shopUrl=shop-a,inventory={sku-A=Inventory [quantity=-1,returnProductsToInventoryOnCancelOrder=true], sku-b=Inventory [quantity=1000000000,returnProductsToInventoryOnCancelOrder=false]}]]]]]>
            </line>
          </reporter-output>
        </test-method> <!-- testForQuantityInGreaterThanAllowed -->
        <test-method status="PASS" signature="testUpdatesForValidAndInvalidRequest(int)[pri:0, instance:org.rakuten.test.UpdateInventoryAPITest@254d2ed9]" name="testUpdatesForValidAndInvalidRequest" duration-ms="103" started-at="2016-08-27T03:42:43Z" description="This method will pass update request for multiple shops in which some are valid and some or invalid" data-provider="getDataForValidAndInvalidRequest" finished-at="2016-08-27T03:42:43Z">
          <params>
            <param index="0">
              <value>
                <![CDATA[3]]>
              </value>
            </param>
          </params>
          <reporter-output>
            <line>
              <![CDATA[Request : UpdateInventoryRequest [shopInventory=[ShopInventory [marketplaceIdentifier=es,shopUrl=shop-c,inventory={sku-A=Inventory [quantity=100,returnProductsToInventoryOnCancelOrder=true], sku-B=Inventory [quantity=0,returnProductsToInventoryOnCancelOrder=false]}], ShopInventory [marketplaceIdentifier=es,shopUrl=shop-d,inventory={sku-C=Inventory [quantity=200,returnProductsToInventoryOnCancelOrder=false]}]]]]]>
            </line>
          </reporter-output>
        </test-method> <!-- testUpdatesForValidAndInvalidRequest -->
        <test-method status="PASS" signature="testValidUpdatesForMultipleShop(int)[pri:0, instance:org.rakuten.test.UpdateInventoryAPITest@254d2ed9]" name="testValidUpdatesForMultipleShop" duration-ms="105" started-at="2016-08-27T03:42:43Z" description="This method will pass update request for multiple shops in a request" data-provider="getDataForValidUpdatesForMultipleShop" finished-at="2016-08-27T03:42:43Z">
          <params>
            <param index="0">
              <value>
                <![CDATA[2]]>
              </value>
            </param>
          </params>
          <reporter-output>
            <line>
              <![CDATA[Request : UpdateInventoryRequest [shopInventory=[ShopInventory [marketplaceIdentifier=es,shopUrl=shop-A,inventory={sku-A=Inventory [quantity=100,returnProductsToInventoryOnCancelOrder=true], sku-B=Inventory [quantity=110,returnProductsToInventoryOnCancelOrder=false]}], ShopInventory [marketplaceIdentifier=es,shopUrl=shop-b,inventory={sku-C=Inventory [quantity=200,returnProductsToInventoryOnCancelOrder=false]}]]]]]>
            </line>
          </reporter-output>
        </test-method> <!-- testValidUpdatesForMultipleShop -->
        <test-method status="PASS" signature="testValidUpdatesForSingleShop(int)[pri:0, instance:org.rakuten.test.UpdateInventoryAPITest@254d2ed9]" name="testValidUpdatesForSingleShop" duration-ms="93" started-at="2016-08-27T03:42:43Z" description="This method will pass update request for only one shop in a request" data-provider="getDataForValidUpdatesForSingleShop" finished-at="2016-08-27T03:42:43Z">
          <params>
            <param index="0">
              <value>
                <![CDATA[1]]>
              </value>
            </param>
          </params>
          <reporter-output>
            <line>
              <![CDATA[Request : UpdateInventoryRequest [shopInventory=[ShopInventory [marketplaceIdentifier=es,shopUrl=shop-a,inventory={sku-A=Inventory [quantity=-1,returnProductsToInventoryOnCancelOrder=true], sku-b=Inventory [quantity=110,returnProductsToInventoryOnCancelOrder=false]}]]]]]>
            </line>
          </reporter-output>
        </test-method> <!-- testValidUpdatesForSingleShop -->
        <test-method status="PASS" signature="afterSuite()[pri:0, instance:org.rakuten.test.UpdateInventoryAPITest@254d2ed9]" name="afterSuite" is-config="true" duration-ms="183" started-at="2016-08-27T03:42:43Z" finished-at="2016-08-27T03:42:44Z">
          <reporter-output>
          </reporter-output>
        </test-method> <!-- afterSuite -->
      </class> <!-- org.rakuten.test.UpdateInventoryAPITest -->
    </test> <!-- Update API Test -->
  </suite> <!-- Expression Evaluator -->
</testng-results>
