<?xml version="1.0" encoding="UTF-8"?>
<!-- Generated by org.testng.reporters.JUnitXMLReporter -->
<testsuite hostname="l-g8bh102" name="Get Api Test" tests="5" failures="0" timestamp="26 Aug 2016 22:12:41 GMT" time="6.505" errors="0">
  <testcase name="testForBaseSkus" time="2.648" classname="org.rakuten.test.GetInventoryAPITest"/>
  <testcase name="testForNonExistingProductsForBaseSkus" time="0.186" classname="org.rakuten.test.GetInventoryAPITest"/>
  <testcase name="testForNonExistingProductsForSkus" time="0.195" classname="org.rakuten.test.GetInventoryAPITest"/>
  <testcase name="testForSkus" time="0.176" classname="org.rakuten.test.GetInventoryAPITest"/>
  <testcase name="testInvalidRequest" time="0.133" classname="org.rakuten.test.GetInventoryAPITest"/>
</testsuite> <!-- Get Api Test -->
