<?xml version="1.0" encoding="UTF-8"?>
<!-- Generated by org.testng.reporters.JUnitXMLReporter -->
<testsuite hostname="l-g8bh102" name="Update API Test" tests="16" failures="0" timestamp="26 Aug 2016 22:12:43 GMT" time="2.921" errors="0">
  <testcase name="testFor30Shops" time="0.647" classname="org.rakuten.test.UpdateInventoryAPITest"/>
  <testcase name="testForInvalidRequest" time="0.209" classname="org.rakuten.test.UpdateInventoryAPITest"/>
  <testcase name="testForInvalidRequest" time="0.172" classname="org.rakuten.test.UpdateInventoryAPITest"/>
  <testcase name="testForInvalidRequest" time="0.151" classname="org.rakuten.test.UpdateInventoryAPITest"/>
  <testcase name="testForInvalidRequest" time="0.135" classname="org.rakuten.test.UpdateInventoryAPITest"/>
  <testcase name="testForInvalidRequest" time="0.141" classname="org.rakuten.test.UpdateInventoryAPITest"/>
  <testcase name="testForInvalidRequest" time="0.119" classname="org.rakuten.test.UpdateInventoryAPITest"/>
  <testcase name="testForInvalidRequest" time="0.083" classname="org.rakuten.test.UpdateInventoryAPITest"/>
  <testcase name="testForInvalidRequest" time="0.125" classname="org.rakuten.test.UpdateInventoryAPITest"/>
  <testcase name="testForInvalidRequest" time="0.109" classname="org.rakuten.test.UpdateInventoryAPITest"/>
  <testcase name="testForMoreThan1000SkusPerShops" time="0.264" classname="org.rakuten.test.UpdateInventoryAPITest"/>
  <testcase name="testForMoreThan30Shops" time="0.124" classname="org.rakuten.test.UpdateInventoryAPITest"/>
  <testcase name="testForQuantityInGreaterThanAllowed" time="0.089" classname="org.rakuten.test.UpdateInventoryAPITest"/>
  <testcase name="testUpdatesForValidAndInvalidRequest" time="0.103" classname="org.rakuten.test.UpdateInventoryAPITest"/>
  <testcase name="testValidUpdatesForMultipleShop" time="0.105" classname="org.rakuten.test.UpdateInventoryAPITest"/>
  <testcase name="testValidUpdatesForSingleShop" time="0.093" classname="org.rakuten.test.UpdateInventoryAPITest"/>
</testsuite> <!-- Update API Test -->
