<?xml version="1.0" encoding="UTF-8"?>
<testng-results skipped="0" failed="0" total="1" passed="1">
  <reporter-output>
    <line>
      <![CDATA[Request : UpdateInventoryRequest [shopInventory=[ShopInventory [marketplaceIdentifier=ge,shopUrl=shop-abc,inventory={sku-123=Inventory [quantity=10,returnProductsToInventoryOnCancelOrder=false]}], ShopInventory [marketplaceIdentifier=ge,shopUrl=shop-abc,inventory={sku-123=Inventory [quantity=10,returnProductsToInventoryOnCancelOrder=false]}], ShopInventory [marketplaceIdentifier=ge,shopUrl=shop-abc,inventory={sku-123=Inventory [quantity=10,returnProductsToInventoryOnCancelOrder=false]}], ShopInventory [marketplaceIdentifier=ge,shopUrl=shop-abc,inventory={sku-123=Inventory [quantity=10,returnProductsToInventoryOnCancelOrder=false]}], ShopInventory [marketplaceIdentifier=ge,shopUrl=shop-abc,inventory={sku-123=Inventory [quantity=10,returnProductsToInventoryOnCancelOrder=false]}], ShopInventory [marketplaceIdentifier=ge,shopUrl=shop-abc,inventory={sku-123=Inventory [quantity=10,returnProductsToInventoryOnCancelOrder=false]}], ShopInventory [marketplaceIdentifier=ge,shopUrl=shop-abc,inventory={sku-123=Inventory [quantity=10,returnProductsToInventoryOnCancelOrder=false]}], ShopInventory [marketplaceIdentifier=ge,shopUrl=shop-abc,inventory={sku-123=Inventory [quantity=10,returnProductsToInventoryOnCancelOrder=false]}], ShopInventory [marketplaceIdentifier=ge,shopUrl=shop-abc,inventory={sku-123=Inventory [quantity=10,returnProductsToInventoryOnCancelOrder=false]}], ShopInventory [marketplaceIdentifier=ge,shopUrl=shop-abc,inventory={sku-123=Inventory [quantity=10,returnProductsToInventoryOnCancelOrder=false]}], ShopInventory [marketplaceIdentifier=ge,shopUrl=shop-abc,inventory={sku-123=Inventory [quantity=10,returnProductsToInventoryOnCancelOrder=false]}], ShopInventory [marketplaceIdentifier=ge,shopUrl=shop-abc,inventory={sku-123=Inventory [quantity=10,returnProductsToInventoryOnCancelOrder=false]}], ShopInventory [marketplaceIdentifier=ge,shopUrl=shop-abc,inventory={sku-123=Inventory [quantity=10,returnProductsToInventoryOnCancelOrder=false]}], ShopInventory [marketplaceIdentifier=ge,shopUrl=shop-abc,inventory={sku-123=Inventory [quantity=10,returnProductsToInventoryOnCancelOrder=false]}], ShopInventory [marketplaceIdentifier=ge,shopUrl=shop-abc,inventory={sku-123=Inventory [quantity=10,returnProductsToInventoryOnCancelOrder=false]}], ShopInventory [marketplaceIdentifier=ge,shopUrl=shop-abc,inventory={sku-123=Inventory [quantity=10,returnProductsToInventoryOnCancelOrder=false]}], ShopInventory [marketplaceIdentifier=ge,shopUrl=shop-abc,inventory={sku-123=Inventory [quantity=10,returnProductsToInventoryOnCancelOrder=false]}], ShopInventory [marketplaceIdentifier=ge,shopUrl=shop-abc,inventory={sku-123=Inventory [quantity=10,returnProductsToInventoryOnCancelOrder=false]}], ShopInventory [marketplaceIdentifier=ge,shopUrl=shop-abc,inventory={sku-123=Inventory [quantity=10,returnProductsToInventoryOnCancelOrder=false]}], ShopInventory [marketplaceIdentifier=ge,shopUrl=shop-abc,inventory={sku-123=Inventory [quantity=10,returnProductsToInventoryOnCancelOrder=false]}], ShopInventory [marketplaceIdentifier=ge,shopUrl=shop-abc,inventory={sku-123=Inventory [quantity=10,returnProductsToInventoryOnCancelOrder=false]}], ShopInventory [marketplaceIdentifier=ge,shopUrl=shop-abc,inventory={sku-123=Inventory [quantity=10,returnProductsToInventoryOnCancelOrder=false]}], ShopInventory [marketplaceIdentifier=ge,shopUrl=shop-abc,inventory={sku-123=Inventory [quantity=10,returnProductsToInventoryOnCancelOrder=false]}], ShopInventory [marketplaceIdentifier=ge,shopUrl=shop-abc,inventory={sku-123=Inventory [quantity=10,returnProductsToInventoryOnCancelOrder=false]}], ShopInventory [marketplaceIdentifier=ge,shopUrl=shop-abc,inventory={sku-123=Inventory [quantity=10,returnProductsToInventoryOnCancelOrder=false]}], ShopInventory [marketplaceIdentifier=ge,shopUrl=shop-abc,inventory={sku-123=Inventory [quantity=10,returnProductsToInventoryOnCancelOrder=false]}], ShopInventory [marketplaceIdentifier=ge,shopUrl=shop-abc,inventory={sku-123=Inventory [quantity=10,returnProductsToInventoryOnCancelOrder=false]}], ShopInventory [marketplaceIdentifier=ge,shopUrl=shop-abc,inventory={sku-123=Inventory [quantity=10,returnProductsToInventoryOnCancelOrder=false]}], ShopInventory [marketplaceIdentifier=ge,shopUrl=shop-abc,inventory={sku-123=Inventory [quantity=10,returnProductsToInventoryOnCancelOrder=false]}], ShopInventory [marketplaceIdentifier=ge,shopUrl=shop-abc,inventory={sku-123=Inventory [quantity=10,returnProductsToInventoryOnCancelOrder=false]}], ShopInventory [marketplaceIdentifier=ge,shopUrl=shop-abc,inventory={sku-123=Inventory [quantity=10,returnProductsToInventoryOnCancelOrder=false]}], ShopInventory [marketplaceIdentifier=ge,shopUrl=shop-abc,inventory={sku-123=Inventory [quantity=10,returnProductsToInventoryOnCancelOrder=false]}], ShopInventory [marketplaceIdentifier=ge,shopUrl=shop-abc,inventory={sku-123=Inventory [quantity=10,returnProductsToInventoryOnCancelOrder=false]}], ShopInventory [marketplaceIdentifier=ge,shopUrl=shop-abc,inventory={sku-123=Inventory [quantity=10,returnProductsToInventoryOnCancelOrder=false]}], ShopInventory [marketplaceIdentifier=ge,shopUrl=shop-abc,inventory={sku-123=Inventory [quantity=10,returnProductsToInventoryOnCancelOrder=false]}], ShopInventory [marketplaceIdentifier=ge,shopUrl=shop-abc,inventory={sku-123=Inventory [quantity=10,returnProductsToInventoryOnCancelOrder=false]}], ShopInventory [marketplaceIdentifier=ge,shopUrl=shop-abc,inventory={sku-123=Inventory [quantity=10,returnProductsToInventoryOnCancelOrder=false]}], ShopInventory [marketplaceIdentifier=ge,shopUrl=shop-abc,inventory={sku-123=Inventory [quantity=10,returnProductsToInventoryOnCancelOrder=false]}], ShopInventory [marketplaceIdentifier=ge,shopUrl=shop-abc,inventory={sku-123=Inventory [quantity=10,returnProductsToInventoryOnCancelOrder=false]}], ShopInventory [marketplaceIdentifier=ge,shopUrl=shop-abc,inventory={sku-123=Inventory [quantity=10,returnProductsToInventoryOnCancelOrder=false]}], ShopInventory [marketplaceIdentifier=ge,shopUrl=shop-abc,inventory={sku-123=Inventory [quantity=10,returnProductsToInventoryOnCancelOrder=false]}], ShopInventory [marketplaceIdentifier=ge,shopUrl=shop-abc,inventory={sku-123=Inventory [quantity=10,returnProductsToInventoryOnCancelOrder=false]}], ShopInventory [marketplaceIdentifier=ge,shopUrl=shop-abc,inventory={sku-123=Inventory [quantity=10,returnProductsToInventoryOnCancelOrder=false]}], ShopInventory [marketplaceIdentifier=ge,shopUrl=shop-abc,inventory={sku-123=Inventory [quantity=10,returnProductsToInventoryOnCancelOrder=false]}], ShopInventory [marketplaceIdentifier=ge,shopUrl=shop-abc,inventory={sku-123=Inventory [quantity=10,returnProductsToInventoryOnCancelOrder=false]}], ShopInventory [marketplaceIdentifier=ge,shopUrl=shop-abc,inventory={sku-123=Inventory [quantity=10,returnProductsToInventoryOnCancelOrder=false]}], ShopInventory [marketplaceIdentifier=ge,shopUrl=shop-abc,inventory={sku-123=Inventory [quantity=10,returnProductsToInventoryOnCancelOrder=false]}], ShopInventory [marketplaceIdentifier=ge,shopUrl=shop-abc,inventory={sku-123=Inventory [quantity=10,returnProductsToInventoryOnCancelOrder=false]}], ShopInventory [marketplaceIdentifier=ge,shopUrl=shop-abc,inventory={sku-123=Inventory [quantity=10,returnProductsToInventoryOnCancelOrder=false]}], ShopInventory [marketplaceIdentifier=ge,shopUrl=shop-abc,inventory={sku-123=Inventory [quantity=10,returnProductsToInventoryOnCancelOrder=false]}], ShopInventory [marketplaceIdentifier=ge,shopUrl=shop-abc,inventory={sku-123=Inventory [quantity=10,returnProductsToInventoryOnCancelOrder=false]}], ShopInventory [marketplaceIdentifier=ge,shopUrl=shop-abc,inventory={sku-123=Inventory [quantity=10,returnProductsToInventoryOnCancelOrder=false]}], ShopInventory [marketplaceIdentifier=ge,shopUrl=shop-abc,inventory={sku-123=Inventory [quantity=10,returnProductsToInventoryOnCancelOrder=false]}], ShopInventory [marketplaceIdentifier=ge,shopUrl=shop-abc,inventory={sku-123=Inventory [quantity=10,returnProductsToInventoryOnCancelOrder=false]}], ShopInventory [marketplaceIdentifier=ge,shopUrl=shop-abc,inventory={sku-123=Inventory [quantity=10,returnProductsToInventoryOnCancelOrder=false]}], ShopInventory [marketplaceIdentifier=ge,shopUrl=shop-abc,inventory={sku-123=Inventory [quantity=10,returnProductsToInventoryOnCancelOrder=false]}], ShopInventory [marketplaceIdentifier=ge,shopUrl=shop-abc,inventory={sku-123=Inventory [quantity=10,returnProductsToInventoryOnCancelOrder=false]}], ShopInventory [marketplaceIdentifier=ge,shopUrl=shop-abc,inventory={sku-123=Inventory [quantity=10,returnProductsToInventoryOnCancelOrder=false]}], ShopInventory [marketplaceIdentifier=ge,shopUrl=shop-abc,inventory={sku-123=Inventory [quantity=10,returnProductsToInventoryOnCancelOrder=false]}], ShopInventory [marketplaceIdentifier=ge,shopUrl=shop-abc,inventory={sku-123=Inventory [quantity=10,returnProductsToInventoryOnCancelOrder=false]}], ShopInventory [marketplaceIdentifier=ge,shopUrl=shop-abc,inventory={sku-123=Inventory [quantity=10,returnProductsToInventoryOnCancelOrder=false]}], ShopInventory [marketplaceIdentifier=ge,shopUrl=shop-abc,inventory={sku-123=Inventory [quantity=10,returnProductsToInventoryOnCancelOrder=false]}], ShopInventory [marketplaceIdentifier=ge,shopUrl=shop-abc,inventory={sku-123=Inventory [quantity=10,returnProductsToInventoryOnCancelOrder=false]}], ShopInventory [marketplaceIdentifier=ge,shopUrl=shop-abc,inventory={sku-123=Inventory [quantity=10,returnProductsToInventoryOnCancelOrder=false]}], ShopInventory [marketplaceIdentifier=ge,shopUrl=shop-abc,inventory={sku-123=Inventory [quantity=10,returnProductsToInventoryOnCancelOrder=false]}], ShopInventory [marketplaceIdentifier=ge,shopUrl=shop-abc,inventory={sku-123=Inventory [quantity=10,returnProductsToInventoryOnCancelOrder=false]}], ShopInventory [marketplaceIdentifier=ge,shopUrl=shop-abc,inventory={sku-123=Inventory [quantity=10,returnProductsToInventoryOnCancelOrder=false]}], ShopInventory [marketplaceIdentifier=ge,shopUrl=shop-abc,inventory={sku-123=Inventory [quantity=10,returnProductsToInventoryOnCancelOrder=false]}], ShopInventory [marketplaceIdentifier=ge,shopUrl=shop-abc,inventory={sku-123=Inventory [quantity=10,returnProductsToInventoryOnCancelOrder=false]}], ShopInventory [marketplaceIdentifier=ge,shopUrl=shop-abc,inventory={sku-123=Inventory [quantity=10,returnProductsToInventoryOnCancelOrder=false]}], ShopInventory [marketplaceIdentifier=ge,shopUrl=shop-abc,inventory={sku-123=Inventory [quantity=10,returnProductsToInventoryOnCancelOrder=false]}], ShopInventory [marketplaceIdentifier=ge,shopUrl=shop-abc,inventory={sku-123=Inventory [quantity=10,returnProductsToInventoryOnCancelOrder=false]}], ShopInventory [marketplaceIdentifier=ge,shopUrl=shop-abc,inventory={sku-123=Inventory [quantity=10,returnProductsToInventoryOnCancelOrder=false]}], ShopInventory [marketplaceIdentifier=ge,shopUrl=shop-abc,inventory={sku-123=Inventory [quantity=10,returnProductsToInventoryOnCancelOrder=false]}], ShopInventory [marketplaceIdentifier=ge,shopUrl=shop-abc,inventory={sku-123=Inventory [quantity=10,returnProductsToInventoryOnCancelOrder=false]}], ShopInventory [marketplaceIdentifier=ge,shopUrl=shop-abc,inventory={sku-123=Inventory [quantity=10,returnProductsToInventoryOnCancelOrder=false]}], ShopInventory [marketplaceIdentifier=ge,shopUrl=shop-abc,inventory={sku-123=Inventory [quantity=10,returnProductsToInventoryOnCancelOrder=false]}], ShopInventory [marketplaceIdentifier=ge,shopUrl=shop-abc,inventory={sku-123=Inventory [quantity=10,returnProductsToInventoryOnCancelOrder=false]}], ShopInventory [marketplaceIdentifier=ge,shopUrl=shop-abc,inventory={sku-123=Inventory [quantity=10,returnProductsToInventoryOnCancelOrder=false]}], ShopInventory [marketplaceIdentifier=ge,shopUrl=shop-abc,inventory={sku-123=Inventory [quantity=10,returnProductsToInventoryOnCancelOrder=false]}], ShopInventory [marketplaceIdentifier=ge,shopUrl=shop-abc,inventory={sku-123=Inventory [quantity=10,returnProductsToInventoryOnCancelOrder=false]}], ShopInventory [marketplaceIdentifier=ge,shopUrl=shop-abc,inventory={sku-123=Inventory [quantity=10,returnProductsToInventoryOnCancelOrder=false]}], ShopInventory [marketplaceIdentifier=ge,shopUrl=shop-abc,inventory={sku-123=Inventory [quantity=10,returnProductsToInventoryOnCancelOrder=false]}], ShopInventory [marketplaceIdentifier=ge,shopUrl=shop-abc,inventory={sku-123=Inventory [quantity=10,returnProductsToInventoryOnCancelOrder=false]}], ShopInventory [marketplaceIdentifier=ge,shopUrl=shop-abc,inventory={sku-123=Inventory [quantity=10,returnProductsToInventoryOnCancelOrder=false]}], ShopInventory [marketplaceIdentifier=ge,shopUrl=shop-abc,inventory={sku-123=Inventory [quantity=10,returnProductsToInventoryOnCancelOrder=false]}], ShopInventory [marketplaceIdentifier=ge,shopUrl=shop-abc,inventory={sku-123=Inventory [quantity=10,returnProductsToInventoryOnCancelOrder=false]}], ShopInventory [marketplaceIdentifier=ge,shopUrl=shop-abc,inventory={sku-123=Inventory [quantity=10,returnProductsToInventoryOnCancelOrder=false]}], ShopInventory [marketplaceIdentifier=ge,shopUrl=shop-abc,inventory={sku-123=Inventory [quantity=10,returnProductsToInventoryOnCancelOrder=false]}], ShopInventory [marketplaceIdentifier=ge,shopUrl=shop-abc,inventory={sku-123=Inventory [quantity=10,returnProductsToInventoryOnCancelOrder=false]}], ShopInventory [marketplaceIdentifier=ge,shopUrl=shop-abc,inventory={sku-123=Inventory [quantity=10,returnProductsToInventoryOnCancelOrder=false]}], ShopInventory [marketplaceIdentifier=ge,shopUrl=shop-abc,inventory={sku-123=Inventory [quantity=10,returnProductsToInventoryOnCancelOrder=false]}], ShopInventory [marketplaceIdentifier=ge,shopUrl=shop-abc,inventory={sku-123=Inventory [quantity=10,returnProductsToInventoryOnCancelOrder=false]}], ShopInventory [marketplaceIdentifier=ge,shopUrl=shop-abc,inventory={sku-123=Inventory [quantity=10,returnProductsToInventoryOnCancelOrder=false]}], ShopInventory [marketplaceIdentifier=ge,shopUrl=shop-abc,inventory={sku-123=Inventory [quantity=10,returnProductsToInventoryOnCancelOrder=false]}], ShopInventory [marketplaceIdentifier=ge,shopUrl=shop-abc,inventory={sku-123=Inventory [quantity=10,returnProductsToInventoryOnCancelOrder=false]}], ShopInventory [marketplaceIdentifier=ge,shopUrl=shop-abc,inventory={sku-123=Inventory [quantity=10,returnProductsToInventoryOnCancelOrder=false]}], ShopInventory [marketplaceIdentifier=ge,shopUrl=shop-abc,inventory={sku-123=Inventory [quantity=10,returnProductsToInventoryOnCancelOrder=false]}], ShopInventory [marketplaceIdentifier=ge,shopUrl=shop-abc,inventory={sku-123=Inventory [quantity=10,returnProductsToInventoryOnCancelOrder=false]}], ShopInventory [marketplaceIdentifier=ge,shopUrl=shop-abc,inventory={sku-123=Inventory [quantity=10,returnProductsToInventoryOnCancelOrder=false]}], ShopInventory [marketplaceIdentifier=ge,shopUrl=shop-abc,inventory={sku-123=Inventory [quantity=10,returnProductsToInventoryOnCancelOrder=false]}], ShopInventory [marketplaceIdentifier=ge,shopUrl=shop-abc,inventory={sku-123=Inventory [quantity=10,returnProductsToInventoryOnCancelOrder=false]}], ShopInventory [marketplaceIdentifier=ge,shopUrl=shop-abc,inventory={sku-123=Inventory [quantity=10,returnProductsToInventoryOnCancelOrder=false]}], ShopInventory [marketplaceIdentifier=ge,shopUrl=shop-abc,inventory={sku-123=Inventory [quantity=10,returnProductsToInventoryOnCancelOrder=false]}], ShopInventory [marketplaceIdentifier=ge,shopUrl=shop-abc,inventory={sku-123=Inventory [quantity=10,returnProductsToInventoryOnCancelOrder=false]}], ShopInventory [marketplaceIdentifier=ge,shopUrl=shop-abc,inventory={sku-123=Inventory [quantity=10,returnProductsToInventoryOnCancelOrder=false]}], ShopInventory [marketplaceIdentifier=ge,shopUrl=shop-abc,inventory={sku-123=Inventory [quantity=10,returnProductsToInventoryOnCancelOrder=false]}], ShopInventory [marketplaceIdentifier=ge,shopUrl=shop-abc,inventory={sku-123=Inventory [quantity=10,returnProductsToInventoryOnCancelOrder=false]}], ShopInventory [marketplaceIdentifier=ge,shopUrl=shop-abc,inventory={sku-123=Inventory [quantity=10,returnProductsToInventoryOnCancelOrder=false]}], ShopInventory [marketplaceIdentifier=ge,shopUrl=shop-abc,inventory={sku-123=Inventory [quantity=10,returnProductsToInventoryOnCancelOrder=false]}], ShopInventory [marketplaceIdentifier=ge,shopUrl=shop-abc,inventory={sku-123=Inventory [quantity=10,returnProductsToInventoryOnCancelOrder=false]}], ShopInventory [marketplaceIdentifier=ge,shopUrl=shop-abc,inventory={sku-123=Inventory [quantity=10,returnProductsToInventoryOnCancelOrder=false]}], ShopInventory [marketplaceIdentifier=ge,shopUrl=shop-abc,inventory={sku-123=Inventory [quantity=10,returnProductsToInventoryOnCancelOrder=false]}], ShopInventory [marketplaceIdentifier=ge,shopUrl=shop-abc,inventory={sku-123=Inventory [quantity=10,returnProductsToInventoryOnCancelOrder=false]}], ShopInventory [marketplaceIdentifier=ge,shopUrl=shop-abc,inventory={sku-123=Inventory [quantity=10,returnProductsToInventoryOnCancelOrder=false]}], ShopInventory [marketplaceIdentifier=ge,shopUrl=shop-abc,inventory={sku-123=Inventory [quantity=10,returnProductsToInventoryOnCancelOrder=false]}], ShopInventory [marketplaceIdentifier=ge,shopUrl=shop-abc,inventory={sku-123=Inventory [quantity=10,returnProductsToInventoryOnCancelOrder=false]}], ShopInventory [marketplaceIdentifier=ge,shopUrl=shop-abc,inventory={sku-123=Inventory [quantity=10,returnProductsToInventoryOnCancelOrder=false]}], ShopInventory [marketplaceIdentifier=ge,shopUrl=shop-abc,inventory={sku-123=Inventory [quantity=10,returnProductsToInventoryOnCancelOrder=false]}], ShopInventory [marketplaceIdentifier=ge,shopUrl=shop-abc,inventory={sku-123=Inventory [quantity=10,returnProductsToInventoryOnCancelOrder=false]}], ShopInventory [marketplaceIdentifier=ge,shopUrl=shop-abc,inventory={sku-123=Inventory [quantity=10,returnProductsToInventoryOnCancelOrder=false]}], ShopInventory [marketplaceIdentifier=ge,shopUrl=shop-abc,inventory={sku-123=Inventory [quantity=10,returnProductsToInventoryOnCancelOrder=false]}], ShopInventory [marketplaceIdentifier=ge,shopUrl=shop-abc,inventory={sku-123=Inventory [quantity=10,returnProductsToInventoryOnCancelOrder=false]}], ShopInventory [marketplaceIdentifier=ge,shopUrl=shop-abc,inventory={sku-123=Inventory [quantity=10,returnProductsToInventoryOnCancelOrder=false]}]]]]]>
    </line>
  </reporter-output>
  <suite name="Default suite" duration-ms="4946" started-at="2016-08-26T21:53:36Z" finished-at="2016-08-26T21:53:40Z">
    <groups>
      <group name="negative">
        <method signature="UpdateInventoryAPITest.testForMoreThan1000SkusPerShops(int)[pri:0, instance:org.rakuten.test.UpdateInventoryAPITest@6b827697]" name="testForMoreThan1000SkusPerShops" class="org.rakuten.test.UpdateInventoryAPITest"/>
      </group> <!-- negative -->
    </groups>
    <test name="Default test" duration-ms="4946" started-at="2016-08-26T21:53:36Z" finished-at="2016-08-26T21:53:40Z">
      <class name="org.rakuten.test.UpdateInventoryAPITest">
        <test-method status="PASS" signature="beforeSuite()[pri:0, instance:org.rakuten.test.UpdateInventoryAPITest@6b827697]" name="beforeSuite" is-config="true" duration-ms="4289" started-at="2016-08-27T03:23:31Z" finished-at="2016-08-27T03:23:36Z">
          <reporter-output>
          </reporter-output>
        </test-method> <!-- beforeSuite -->
        <test-method status="PASS" signature="BeforeTest()[pri:0, instance:org.rakuten.test.UpdateInventoryAPITest@6b827697]" name="BeforeTest" is-config="true" duration-ms="2207" started-at="2016-08-27T03:23:36Z" finished-at="2016-08-27T03:23:38Z">
          <reporter-output>
          </reporter-output>
        </test-method> <!-- BeforeTest -->
        <test-method status="PASS" signature="testForMoreThan1000SkusPerShops(int)[pri:0, instance:org.rakuten.test.UpdateInventoryAPITest@6b827697]" name="testForMoreThan1000SkusPerShops" duration-ms="2655" started-at="2016-08-27T03:23:38Z" description="This method will pass update request for more than 1000 uniq skus for a shops" data-provider="getDataForMoreThan1000SkusPerShops" finished-at="2016-08-27T03:23:40Z">
          <params>
            <param index="0">
              <value>
                <![CDATA[50]]>
              </value>
            </param>
          </params>
          <reporter-output>
            <line>
              <![CDATA[Request : UpdateInventoryRequest [shopInventory=[ShopInventory [marketplaceIdentifier=ge,shopUrl=shop-abc,inventory={sku-123=Inventory [quantity=10,returnProductsToInventoryOnCancelOrder=false]}], ShopInventory [marketplaceIdentifier=ge,shopUrl=shop-abc,inventory={sku-123=Inventory [quantity=10,returnProductsToInventoryOnCancelOrder=false]}], ShopInventory [marketplaceIdentifier=ge,shopUrl=shop-abc,inventory={sku-123=Inventory [quantity=10,returnProductsToInventoryOnCancelOrder=false]}], ShopInventory [marketplaceIdentifier=ge,shopUrl=shop-abc,inventory={sku-123=Inventory [quantity=10,returnProductsToInventoryOnCancelOrder=false]}], ShopInventory [marketplaceIdentifier=ge,shopUrl=shop-abc,inventory={sku-123=Inventory [quantity=10,returnProductsToInventoryOnCancelOrder=false]}], ShopInventory [marketplaceIdentifier=ge,shopUrl=shop-abc,inventory={sku-123=Inventory [quantity=10,returnProductsToInventoryOnCancelOrder=false]}], ShopInventory [marketplaceIdentifier=ge,shopUrl=shop-abc,inventory={sku-123=Inventory [quantity=10,returnProductsToInventoryOnCancelOrder=false]}], ShopInventory [marketplaceIdentifier=ge,shopUrl=shop-abc,inventory={sku-123=Inventory [quantity=10,returnProductsToInventoryOnCancelOrder=false]}], ShopInventory [marketplaceIdentifier=ge,shopUrl=shop-abc,inventory={sku-123=Inventory [quantity=10,returnProductsToInventoryOnCancelOrder=false]}], ShopInventory [marketplaceIdentifier=ge,shopUrl=shop-abc,inventory={sku-123=Inventory [quantity=10,returnProductsToInventoryOnCancelOrder=false]}], ShopInventory [marketplaceIdentifier=ge,shopUrl=shop-abc,inventory={sku-123=Inventory [quantity=10,returnProductsToInventoryOnCancelOrder=false]}], ShopInventory [marketplaceIdentifier=ge,shopUrl=shop-abc,inventory={sku-123=Inventory [quantity=10,returnProductsToInventoryOnCancelOrder=false]}], ShopInventory [marketplaceIdentifier=ge,shopUrl=shop-abc,inventory={sku-123=Inventory [quantity=10,returnProductsToInventoryOnCancelOrder=false]}], ShopInventory [marketplaceIdentifier=ge,shopUrl=shop-abc,inventory={sku-123=Inventory [quantity=10,returnProductsToInventoryOnCancelOrder=false]}], ShopInventory [marketplaceIdentifier=ge,shopUrl=shop-abc,inventory={sku-123=Inventory [quantity=10,returnProductsToInventoryOnCancelOrder=false]}], ShopInventory [marketplaceIdentifier=ge,shopUrl=shop-abc,inventory={sku-123=Inventory [quantity=10,returnProductsToInventoryOnCancelOrder=false]}], ShopInventory [marketplaceIdentifier=ge,shopUrl=shop-abc,inventory={sku-123=Inventory [quantity=10,returnProductsToInventoryOnCancelOrder=false]}], ShopInventory [marketplaceIdentifier=ge,shopUrl=shop-abc,inventory={sku-123=Inventory [quantity=10,returnProductsToInventoryOnCancelOrder=false]}], ShopInventory [marketplaceIdentifier=ge,shopUrl=shop-abc,inventory={sku-123=Inventory [quantity=10,returnProductsToInventoryOnCancelOrder=false]}], ShopInventory [marketplaceIdentifier=ge,shopUrl=shop-abc,inventory={sku-123=Inventory [quantity=10,returnProductsToInventoryOnCancelOrder=false]}], ShopInventory [marketplaceIdentifier=ge,shopUrl=shop-abc,inventory={sku-123=Inventory [quantity=10,returnProductsToInventoryOnCancelOrder=false]}], ShopInventory [marketplaceIdentifier=ge,shopUrl=shop-abc,inventory={sku-123=Inventory [quantity=10,returnProductsToInventoryOnCancelOrder=false]}], ShopInventory [marketplaceIdentifier=ge,shopUrl=shop-abc,inventory={sku-123=Inventory [quantity=10,returnProductsToInventoryOnCancelOrder=false]}], ShopInventory [marketplaceIdentifier=ge,shopUrl=shop-abc,inventory={sku-123=Inventory [quantity=10,returnProductsToInventoryOnCancelOrder=false]}], ShopInventory [marketplaceIdentifier=ge,shopUrl=shop-abc,inventory={sku-123=Inventory [quantity=10,returnProductsToInventoryOnCancelOrder=false]}], ShopInventory [marketplaceIdentifier=ge,shopUrl=shop-abc,inventory={sku-123=Inventory [quantity=10,returnProductsToInventoryOnCancelOrder=false]}], ShopInventory [marketplaceIdentifier=ge,shopUrl=shop-abc,inventory={sku-123=Inventory [quantity=10,returnProductsToInventoryOnCancelOrder=false]}], ShopInventory [marketplaceIdentifier=ge,shopUrl=shop-abc,inventory={sku-123=Inventory [quantity=10,returnProductsToInventoryOnCancelOrder=false]}], ShopInventory [marketplaceIdentifier=ge,shopUrl=shop-abc,inventory={sku-123=Inventory [quantity=10,returnProductsToInventoryOnCancelOrder=false]}], ShopInventory [marketplaceIdentifier=ge,shopUrl=shop-abc,inventory={sku-123=Inventory [quantity=10,returnProductsToInventoryOnCancelOrder=false]}], ShopInventory [marketplaceIdentifier=ge,shopUrl=shop-abc,inventory={sku-123=Inventory [quantity=10,returnProductsToInventoryOnCancelOrder=false]}], ShopInventory [marketplaceIdentifier=ge,shopUrl=shop-abc,inventory={sku-123=Inventory [quantity=10,returnProductsToInventoryOnCancelOrder=false]}], ShopInventory [marketplaceIdentifier=ge,shopUrl=shop-abc,inventory={sku-123=Inventory [quantity=10,returnProductsToInventoryOnCancelOrder=false]}], ShopInventory [marketplaceIdentifier=ge,shopUrl=shop-abc,inventory={sku-123=Inventory [quantity=10,returnProductsToInventoryOnCancelOrder=false]}], ShopInventory [marketplaceIdentifier=ge,shopUrl=shop-abc,inventory={sku-123=Inventory [quantity=10,returnProductsToInventoryOnCancelOrder=false]}], ShopInventory [marketplaceIdentifier=ge,shopUrl=shop-abc,inventory={sku-123=Inventory [quantity=10,returnProductsToInventoryOnCancelOrder=false]}], ShopInventory [marketplaceIdentifier=ge,shopUrl=shop-abc,inventory={sku-123=Inventory [quantity=10,returnProductsToInventoryOnCancelOrder=false]}], ShopInventory [marketplaceIdentifier=ge,shopUrl=shop-abc,inventory={sku-123=Inventory [quantity=10,returnProductsToInventoryOnCancelOrder=false]}], ShopInventory [marketplaceIdentifier=ge,shopUrl=shop-abc,inventory={sku-123=Inventory [quantity=10,returnProductsToInventoryOnCancelOrder=false]}], ShopInventory [marketplaceIdentifier=ge,shopUrl=shop-abc,inventory={sku-123=Inventory [quantity=10,returnProductsToInventoryOnCancelOrder=false]}], ShopInventory [marketplaceIdentifier=ge,shopUrl=shop-abc,inventory={sku-123=Inventory [quantity=10,returnProductsToInventoryOnCancelOrder=false]}], ShopInventory [marketplaceIdentifier=ge,shopUrl=shop-abc,inventory={sku-123=Inventory [quantity=10,returnProductsToInventoryOnCancelOrder=false]}], ShopInventory [marketplaceIdentifier=ge,shopUrl=shop-abc,inventory={sku-123=Inventory [quantity=10,returnProductsToInventoryOnCancelOrder=false]}], ShopInventory [marketplaceIdentifier=ge,shopUrl=shop-abc,inventory={sku-123=Inventory [quantity=10,returnProductsToInventoryOnCancelOrder=false]}], ShopInventory [marketplaceIdentifier=ge,shopUrl=shop-abc,inventory={sku-123=Inventory [quantity=10,returnProductsToInventoryOnCancelOrder=false]}], ShopInventory [marketplaceIdentifier=ge,shopUrl=shop-abc,inventory={sku-123=Inventory [quantity=10,returnProductsToInventoryOnCancelOrder=false]}], ShopInventory [marketplaceIdentifier=ge,shopUrl=shop-abc,inventory={sku-123=Inventory [quantity=10,returnProductsToInventoryOnCancelOrder=false]}], ShopInventory [marketplaceIdentifier=ge,shopUrl=shop-abc,inventory={sku-123=Inventory [quantity=10,returnProductsToInventoryOnCancelOrder=false]}], ShopInventory [marketplaceIdentifier=ge,shopUrl=shop-abc,inventory={sku-123=Inventory [quantity=10,returnProductsToInventoryOnCancelOrder=false]}], ShopInventory [marketplaceIdentifier=ge,shopUrl=shop-abc,inventory={sku-123=Inventory [quantity=10,returnProductsToInventoryOnCancelOrder=false]}], ShopInventory [marketplaceIdentifier=ge,shopUrl=shop-abc,inventory={sku-123=Inventory [quantity=10,returnProductsToInventoryOnCancelOrder=false]}], ShopInventory [marketplaceIdentifier=ge,shopUrl=shop-abc,inventory={sku-123=Inventory [quantity=10,returnProductsToInventoryOnCancelOrder=false]}], ShopInventory [marketplaceIdentifier=ge,shopUrl=shop-abc,inventory={sku-123=Inventory [quantity=10,returnProductsToInventoryOnCancelOrder=false]}], ShopInventory [marketplaceIdentifier=ge,shopUrl=shop-abc,inventory={sku-123=Inventory [quantity=10,returnProductsToInventoryOnCancelOrder=false]}], ShopInventory [marketplaceIdentifier=ge,shopUrl=shop-abc,inventory={sku-123=Inventory [quantity=10,returnProductsToInventoryOnCancelOrder=false]}], ShopInventory [marketplaceIdentifier=ge,shopUrl=shop-abc,inventory={sku-123=Inventory [quantity=10,returnProductsToInventoryOnCancelOrder=false]}], ShopInventory [marketplaceIdentifier=ge,shopUrl=shop-abc,inventory={sku-123=Inventory [quantity=10,returnProductsToInventoryOnCancelOrder=false]}], ShopInventory [marketplaceIdentifier=ge,shopUrl=shop-abc,inventory={sku-123=Inventory [quantity=10,returnProductsToInventoryOnCancelOrder=false]}], ShopInventory [marketplaceIdentifier=ge,shopUrl=shop-abc,inventory={sku-123=Inventory [quantity=10,returnProductsToInventoryOnCancelOrder=false]}], ShopInventory [marketplaceIdentifier=ge,shopUrl=shop-abc,inventory={sku-123=Inventory [quantity=10,returnProductsToInventoryOnCancelOrder=false]}], ShopInventory [marketplaceIdentifier=ge,shopUrl=shop-abc,inventory={sku-123=Inventory [quantity=10,returnProductsToInventoryOnCancelOrder=false]}], ShopInventory [marketplaceIdentifier=ge,shopUrl=shop-abc,inventory={sku-123=Inventory [quantity=10,returnProductsToInventoryOnCancelOrder=false]}], ShopInventory [marketplaceIdentifier=ge,shopUrl=shop-abc,inventory={sku-123=Inventory [quantity=10,returnProductsToInventoryOnCancelOrder=false]}], ShopInventory [marketplaceIdentifier=ge,shopUrl=shop-abc,inventory={sku-123=Inventory [quantity=10,returnProductsToInventoryOnCancelOrder=false]}], ShopInventory [marketplaceIdentifier=ge,shopUrl=shop-abc,inventory={sku-123=Inventory [quantity=10,returnProductsToInventoryOnCancelOrder=false]}], ShopInventory [marketplaceIdentifier=ge,shopUrl=shop-abc,inventory={sku-123=Inventory [quantity=10,returnProductsToInventoryOnCancelOrder=false]}], ShopInventory [marketplaceIdentifier=ge,shopUrl=shop-abc,inventory={sku-123=Inventory [quantity=10,returnProductsToInventoryOnCancelOrder=false]}], ShopInventory [marketplaceIdentifier=ge,shopUrl=shop-abc,inventory={sku-123=Inventory [quantity=10,returnProductsToInventoryOnCancelOrder=false]}], ShopInventory [marketplaceIdentifier=ge,shopUrl=shop-abc,inventory={sku-123=Inventory [quantity=10,returnProductsToInventoryOnCancelOrder=false]}], ShopInventory [marketplaceIdentifier=ge,shopUrl=shop-abc,inventory={sku-123=Inventory [quantity=10,returnProductsToInventoryOnCancelOrder=false]}], ShopInventory [marketplaceIdentifier=ge,shopUrl=shop-abc,inventory={sku-123=Inventory [quantity=10,returnProductsToInventoryOnCancelOrder=false]}], ShopInventory [marketplaceIdentifier=ge,shopUrl=shop-abc,inventory={sku-123=Inventory [quantity=10,returnProductsToInventoryOnCancelOrder=false]}], ShopInventory [marketplaceIdentifier=ge,shopUrl=shop-abc,inventory={sku-123=Inventory [quantity=10,returnProductsToInventoryOnCancelOrder=false]}], ShopInventory [marketplaceIdentifier=ge,shopUrl=shop-abc,inventory={sku-123=Inventory [quantity=10,returnProductsToInventoryOnCancelOrder=false]}], ShopInventory [marketplaceIdentifier=ge,shopUrl=shop-abc,inventory={sku-123=Inventory [quantity=10,returnProductsToInventoryOnCancelOrder=false]}], ShopInventory [marketplaceIdentifier=ge,shopUrl=shop-abc,inventory={sku-123=Inventory [quantity=10,returnProductsToInventoryOnCancelOrder=false]}], ShopInventory [marketplaceIdentifier=ge,shopUrl=shop-abc,inventory={sku-123=Inventory [quantity=10,returnProductsToInventoryOnCancelOrder=false]}], ShopInventory [marketplaceIdentifier=ge,shopUrl=shop-abc,inventory={sku-123=Inventory [quantity=10,returnProductsToInventoryOnCancelOrder=false]}], ShopInventory [marketplaceIdentifier=ge,shopUrl=shop-abc,inventory={sku-123=Inventory [quantity=10,returnProductsToInventoryOnCancelOrder=false]}], ShopInventory [marketplaceIdentifier=ge,shopUrl=shop-abc,inventory={sku-123=Inventory [quantity=10,returnProductsToInventoryOnCancelOrder=false]}], ShopInventory [marketplaceIdentifier=ge,shopUrl=shop-abc,inventory={sku-123=Inventory [quantity=10,returnProductsToInventoryOnCancelOrder=false]}], ShopInventory [marketplaceIdentifier=ge,shopUrl=shop-abc,inventory={sku-123=Inventory [quantity=10,returnProductsToInventoryOnCancelOrder=false]}], ShopInventory [marketplaceIdentifier=ge,shopUrl=shop-abc,inventory={sku-123=Inventory [quantity=10,returnProductsToInventoryOnCancelOrder=false]}], ShopInventory [marketplaceIdentifier=ge,shopUrl=shop-abc,inventory={sku-123=Inventory [quantity=10,returnProductsToInventoryOnCancelOrder=false]}], ShopInventory [marketplaceIdentifier=ge,shopUrl=shop-abc,inventory={sku-123=Inventory [quantity=10,returnProductsToInventoryOnCancelOrder=false]}], ShopInventory [marketplaceIdentifier=ge,shopUrl=shop-abc,inventory={sku-123=Inventory [quantity=10,returnProductsToInventoryOnCancelOrder=false]}], ShopInventory [marketplaceIdentifier=ge,shopUrl=shop-abc,inventory={sku-123=Inventory [quantity=10,returnProductsToInventoryOnCancelOrder=false]}], ShopInventory [marketplaceIdentifier=ge,shopUrl=shop-abc,inventory={sku-123=Inventory [quantity=10,returnProductsToInventoryOnCancelOrder=false]}], ShopInventory [marketplaceIdentifier=ge,shopUrl=shop-abc,inventory={sku-123=Inventory [quantity=10,returnProductsToInventoryOnCancelOrder=false]}], ShopInventory [marketplaceIdentifier=ge,shopUrl=shop-abc,inventory={sku-123=Inventory [quantity=10,returnProductsToInventoryOnCancelOrder=false]}], ShopInventory [marketplaceIdentifier=ge,shopUrl=shop-abc,inventory={sku-123=Inventory [quantity=10,returnProductsToInventoryOnCancelOrder=false]}], ShopInventory [marketplaceIdentifier=ge,shopUrl=shop-abc,inventory={sku-123=Inventory [quantity=10,returnProductsToInventoryOnCancelOrder=false]}], ShopInventory [marketplaceIdentifier=ge,shopUrl=shop-abc,inventory={sku-123=Inventory [quantity=10,returnProductsToInventoryOnCancelOrder=false]}], ShopInventory [marketplaceIdentifier=ge,shopUrl=shop-abc,inventory={sku-123=Inventory [quantity=10,returnProductsToInventoryOnCancelOrder=false]}], ShopInventory [marketplaceIdentifier=ge,shopUrl=shop-abc,inventory={sku-123=Inventory [quantity=10,returnProductsToInventoryOnCancelOrder=false]}], ShopInventory [marketplaceIdentifier=ge,shopUrl=shop-abc,inventory={sku-123=Inventory [quantity=10,returnProductsToInventoryOnCancelOrder=false]}], ShopInventory [marketplaceIdentifier=ge,shopUrl=shop-abc,inventory={sku-123=Inventory [quantity=10,returnProductsToInventoryOnCancelOrder=false]}], ShopInventory [marketplaceIdentifier=ge,shopUrl=shop-abc,inventory={sku-123=Inventory [quantity=10,returnProductsToInventoryOnCancelOrder=false]}], ShopInventory [marketplaceIdentifier=ge,shopUrl=shop-abc,inventory={sku-123=Inventory [quantity=10,returnProductsToInventoryOnCancelOrder=false]}], ShopInventory [marketplaceIdentifier=ge,shopUrl=shop-abc,inventory={sku-123=Inventory [quantity=10,returnProductsToInventoryOnCancelOrder=false]}], ShopInventory [marketplaceIdentifier=ge,shopUrl=shop-abc,inventory={sku-123=Inventory [quantity=10,returnProductsToInventoryOnCancelOrder=false]}], ShopInventory [marketplaceIdentifier=ge,shopUrl=shop-abc,inventory={sku-123=Inventory [quantity=10,returnProductsToInventoryOnCancelOrder=false]}], ShopInventory [marketplaceIdentifier=ge,shopUrl=shop-abc,inventory={sku-123=Inventory [quantity=10,returnProductsToInventoryOnCancelOrder=false]}], ShopInventory [marketplaceIdentifier=ge,shopUrl=shop-abc,inventory={sku-123=Inventory [quantity=10,returnProductsToInventoryOnCancelOrder=false]}], ShopInventory [marketplaceIdentifier=ge,shopUrl=shop-abc,inventory={sku-123=Inventory [quantity=10,returnProductsToInventoryOnCancelOrder=false]}], ShopInventory [marketplaceIdentifier=ge,shopUrl=shop-abc,inventory={sku-123=Inventory [quantity=10,returnProductsToInventoryOnCancelOrder=false]}], ShopInventory [marketplaceIdentifier=ge,shopUrl=shop-abc,inventory={sku-123=Inventory [quantity=10,returnProductsToInventoryOnCancelOrder=false]}], ShopInventory [marketplaceIdentifier=ge,shopUrl=shop-abc,inventory={sku-123=Inventory [quantity=10,returnProductsToInventoryOnCancelOrder=false]}], ShopInventory [marketplaceIdentifier=ge,shopUrl=shop-abc,inventory={sku-123=Inventory [quantity=10,returnProductsToInventoryOnCancelOrder=false]}], ShopInventory [marketplaceIdentifier=ge,shopUrl=shop-abc,inventory={sku-123=Inventory [quantity=10,returnProductsToInventoryOnCancelOrder=false]}], ShopInventory [marketplaceIdentifier=ge,shopUrl=shop-abc,inventory={sku-123=Inventory [quantity=10,returnProductsToInventoryOnCancelOrder=false]}], ShopInventory [marketplaceIdentifier=ge,shopUrl=shop-abc,inventory={sku-123=Inventory [quantity=10,returnProductsToInventoryOnCancelOrder=false]}], ShopInventory [marketplaceIdentifier=ge,shopUrl=shop-abc,inventory={sku-123=Inventory [quantity=10,returnProductsToInventoryOnCancelOrder=false]}], ShopInventory [marketplaceIdentifier=ge,shopUrl=shop-abc,inventory={sku-123=Inventory [quantity=10,returnProductsToInventoryOnCancelOrder=false]}], ShopInventory [marketplaceIdentifier=ge,shopUrl=shop-abc,inventory={sku-123=Inventory [quantity=10,returnProductsToInventoryOnCancelOrder=false]}], ShopInventory [marketplaceIdentifier=ge,shopUrl=shop-abc,inventory={sku-123=Inventory [quantity=10,returnProductsToInventoryOnCancelOrder=false]}], ShopInventory [marketplaceIdentifier=ge,shopUrl=shop-abc,inventory={sku-123=Inventory [quantity=10,returnProductsToInventoryOnCancelOrder=false]}], ShopInventory [marketplaceIdentifier=ge,shopUrl=shop-abc,inventory={sku-123=Inventory [quantity=10,returnProductsToInventoryOnCancelOrder=false]}], ShopInventory [marketplaceIdentifier=ge,shopUrl=shop-abc,inventory={sku-123=Inventory [quantity=10,returnProductsToInventoryOnCancelOrder=false]}], ShopInventory [marketplaceIdentifier=ge,shopUrl=shop-abc,inventory={sku-123=Inventory [quantity=10,returnProductsToInventoryOnCancelOrder=false]}], ShopInventory [marketplaceIdentifier=ge,shopUrl=shop-abc,inventory={sku-123=Inventory [quantity=10,returnProductsToInventoryOnCancelOrder=false]}], ShopInventory [marketplaceIdentifier=ge,shopUrl=shop-abc,inventory={sku-123=Inventory [quantity=10,returnProductsToInventoryOnCancelOrder=false]}], ShopInventory [marketplaceIdentifier=ge,shopUrl=shop-abc,inventory={sku-123=Inventory [quantity=10,returnProductsToInventoryOnCancelOrder=false]}], ShopInventory [marketplaceIdentifier=ge,shopUrl=shop-abc,inventory={sku-123=Inventory [quantity=10,returnProductsToInventoryOnCancelOrder=false]}]]]]]>
            </line>
          </reporter-output>
        </test-method> <!-- testForMoreThan1000SkusPerShops -->
        <test-method status="PASS" signature="afterSuite()[pri:0, instance:org.rakuten.test.UpdateInventoryAPITest@6b827697]" name="afterSuite" is-config="true" duration-ms="291" started-at="2016-08-27T03:23:41Z" finished-at="2016-08-27T03:23:41Z">
          <reporter-output>
          </reporter-output>
        </test-method> <!-- afterSuite -->
      </class> <!-- org.rakuten.test.UpdateInventoryAPITest -->
    </test> <!-- Default test -->
  </suite> <!-- Default suite -->
</testng-results>
