<?xml version="1.0" encoding="UTF-8"?>
<!-- Generated by org.testng.reporters.JUnitXMLReporter -->
<testsuite hostname="l-g8bh102" name="Get Api Test" tests="5" failures="0" timestamp="27 Aug 2016 21:35:24 GMT" time="3.667" errors="0">
  <testcase name="testForBaseSkus" time="0.837" classname="org.rakuten.test.GetInventoryAPITest"/>
  <testcase name="testForNonExistingProductsForBaseSkus" time="0.114" classname="org.rakuten.test.GetInventoryAPITest"/>
  <testcase name="testForNonExistingProductsForSkus" time="0.106" classname="org.rakuten.test.GetInventoryAPITest"/>
  <testcase name="testForSkus" time="0.174" classname="org.rakuten.test.GetInventoryAPITest"/>
  <testcase name="testInvalidRequest" time="0.134" classname="org.rakuten.test.GetInventoryAPITest"/>
</testsuite> <!-- Get Api Test -->
