<?xml version="1.0" encoding="UTF-8"?>
<!-- Generated by org.testng.reporters.JUnitXMLReporter -->
<testsuite hostname="l-g8bh102" name="Get Api Test" tests="5" failures="0" timestamp="27 Aug 2016 21:30:15 GMT" time="6.492" errors="0">
  <testcase name="testForBaseSkus" time="2.843" classname="org.rakuten.test.GetInventoryAPITest"/>
  <testcase name="testForNonExistingProductsForBaseSkus" time="0.136" classname="org.rakuten.test.GetInventoryAPITest"/>
  <testcase name="testForNonExistingProductsForSkus" time="0.138" classname="org.rakuten.test.GetInventoryAPITest"/>
  <testcase name="testForSkus" time="0.169" classname="org.rakuten.test.GetInventoryAPITest"/>
  <testcase name="testInvalidRequest" time="0.317" classname="org.rakuten.test.GetInventoryAPITest"/>
</testsuite> <!-- Get Api Test -->
