<?xml version="1.0" encoding="UTF-8"?>
<!-- Generated by org.testng.reporters.JUnitXMLReporter -->
<testsuite hostname="l-g8bh102" name="Update API Test" tests="16" failures="0" timestamp="27 Aug 2016 21:30:17 GMT" time="1.924" errors="0">
  <testcase name="testFor30Shops" time="0.307" classname="org.rakuten.test.UpdateInventoryAPITest"/>
  <testcase name="testForInvalidRequest" time="0.137" classname="org.rakuten.test.UpdateInventoryAPITest"/>
  <testcase name="testForInvalidRequest" time="0.115" classname="org.rakuten.test.UpdateInventoryAPITest"/>
  <testcase name="testForInvalidRequest" time="0.081" classname="org.rakuten.test.UpdateInventoryAPITest"/>
  <testcase name="testForInvalidRequest" time="0.1" classname="org.rakuten.test.UpdateInventoryAPITest"/>
  <testcase name="testForInvalidRequest" time="0.099" classname="org.rakuten.test.UpdateInventoryAPITest"/>
  <testcase name="testForInvalidRequest" time="0.104" classname="org.rakuten.test.UpdateInventoryAPITest"/>
  <testcase name="testForInvalidRequest" time="0.085" classname="org.rakuten.test.UpdateInventoryAPITest"/>
  <testcase name="testForInvalidRequest" time="0.098" classname="org.rakuten.test.UpdateInventoryAPITest"/>
  <testcase name="testForInvalidRequest" time="0.071" classname="org.rakuten.test.UpdateInventoryAPITest"/>
  <testcase name="testForMoreThan1000SkusPerShops" time="0.154" classname="org.rakuten.test.UpdateInventoryAPITest"/>
  <testcase name="testForMoreThan30Shops" time="0.115" classname="org.rakuten.test.UpdateInventoryAPITest"/>
  <testcase name="testForQuantityInGreaterThanAllowed" time="0.064" classname="org.rakuten.test.UpdateInventoryAPITest"/>
  <testcase name="testUpdatesForValidAndInvalidRequest" time="0.063" classname="org.rakuten.test.UpdateInventoryAPITest"/>
  <testcase name="testValidUpdatesForMultipleShop" time="0.07" classname="org.rakuten.test.UpdateInventoryAPITest"/>
  <testcase name="testValidUpdatesForSingleShop" time="0.067" classname="org.rakuten.test.UpdateInventoryAPITest"/>
</testsuite> <!-- Update API Test -->
